{"/Users/chenli/mem-x/src/db/connection.ts": {"path":"/Users/chenli/mem-x/src/db/connection.ts","statementMap":{"0":{"start":{"line":7,"column":36},"end":{"line":7,"column":null}},"1":{"start":{"line":10,"column":2},"end":{"line":10,"column":null}},"2":{"start":{"line":10,"column":11},"end":{"line":10,"column":null}},"3":{"start":{"line":12,"column":6},"end":{"line":12,"column":null}},"4":{"start":{"line":13,"column":6},"end":{"line":13,"column":null}},"5":{"start":{"line":16,"column":2},"end":{"line":22,"column":null}},"6":{"start":{"line":17,"column":10},"end":{"line":17,"column":null}},"7":{"start":{"line":18,"column":4},"end":{"line":21,"column":null}},"8":{"start":{"line":19,"column":6},"end":{"line":19,"column":null}},"9":{"start":{"line":20,"column":6},"end":{"line":20,"column":null}},"10":{"start":{"line":24,"column":2},"end":{"line":24,"column":null}},"11":{"start":{"line":24,"column":24},"end":{"line":24,"column":null}},"12":{"start":{"line":26,"column":2},"end":{"line":26,"column":null}},"13":{"start":{"line":27,"column":2},"end":{"line":27,"column":null}},"14":{"start":{"line":28,"column":2},"end":{"line":28,"column":null}},"15":{"start":{"line":30,"column":2},"end":{"line":30,"column":null}},"16":{"start":{"line":32,"column":2},"end":{"line":32,"column":null}},"17":{"start":{"line":36,"column":2},"end":{"line":39,"column":null}},"18":{"start":{"line":37,"column":4},"end":{"line":37,"column":null}},"19":{"start":{"line":38,"column":4},"end":{"line":38,"column":null}}},"fnMap":{"0":{"name":"getDb","decl":{"start":{"line":9,"column":16},"end":{"line":9,"column":43}},"loc":{"start":{"line":9,"column":43},"end":{"line":33,"column":null}},"line":9},"1":{"name":"closeDb","decl":{"start":{"line":35,"column":16},"end":{"line":35,"column":32}},"loc":{"start":{"line":35,"column":32},"end":{"line":40,"column":null}},"line":35}},"branchMap":{"0":{"loc":{"start":{"line":10,"column":2},"end":{"line":10,"column":null}},"type":"if","locations":[{"start":{"line":10,"column":2},"end":{"line":10,"column":null}},{"start":{},"end":{}}],"line":10},"1":{"loc":{"start":{"line":16,"column":2},"end":{"line":22,"column":null}},"type":"if","locations":[{"start":{"line":16,"column":2},"end":{"line":22,"column":null}},{"start":{},"end":{}}],"line":16},"2":{"loc":{"start":{"line":16,"column":2},"end":{"line":16,"column":56}},"type":"binary-expr","locations":[{"start":{"line":16,"column":2},"end":{"line":16,"column":35}},{"start":{"line":16,"column":35},"end":{"line":16,"column":56}}],"line":16},"3":{"loc":{"start":{"line":18,"column":4},"end":{"line":21,"column":null}},"type":"if","locations":[{"start":{"line":18,"column":4},"end":{"line":21,"column":null}},{"start":{},"end":{}}],"line":18},"4":{"loc":{"start":{"line":24,"column":2},"end":{"line":24,"column":null}},"type":"if","locations":[{"start":{"line":24,"column":2},"end":{"line":24,"column":null}},{"start":{},"end":{}}],"line":24},"5":{"loc":{"start":{"line":36,"column":2},"end":{"line":39,"column":null}},"type":"if","locations":[{"start":{"line":36,"column":2},"end":{"line":39,"column":null}},{"start":{},"end":{}}],"line":36}},"s":{"0":6,"1":901,"2":806,"3":95,"4":95,"5":95,"6":0,"7":0,"8":0,"9":0,"10":95,"11":95,"12":95,"13":95,"14":95,"15":95,"16":95,"17":100,"18":95,"19":95},"f":{"0":901,"1":100},"b":{"0":[806,95],"1":[0,95],"2":[95,0],"3":[0,0],"4":[1,94],"5":[95,5]},"meta":{"lastBranch":6,"lastFunction":2,"lastStatement":20,"seen":{"s:7:36:7:Infinity":0,"f:9:16:9:43":0,"b:10:2:10:Infinity:undefined:undefined:undefined:undefined":0,"s:10:2:10:Infinity":1,"s:10:11:10:Infinity":2,"s:12:6:12:Infinity":3,"s:13:6:13:Infinity":4,"b:16:2:22:Infinity:undefined:undefined:undefined:undefined":1,"s:16:2:22:Infinity":5,"b:16:2:16:35:16:35:16:56":2,"s:17:10:17:Infinity":6,"b:18:4:21:Infinity:undefined:undefined:undefined:undefined":3,"s:18:4:21:Infinity":7,"s:19:6:19:Infinity":8,"s:20:6:20:Infinity":9,"b:24:2:24:Infinity:undefined:undefined:undefined:undefined":4,"s:24:2:24:Infinity":10,"s:24:24:24:Infinity":11,"s:26:2:26:Infinity":12,"s:27:2:27:Infinity":13,"s:28:2:28:Infinity":14,"s:30:2:30:Infinity":15,"s:32:2:32:Infinity":16,"f:35:16:35:32":1,"b:36:2:39:Infinity:undefined:undefined:undefined:undefined":5,"s:36:2:39:Infinity":17,"s:37:4:37:Infinity":18,"s:38:4:38:Infinity":19}}}
,"/Users/chenli/mem-x/src/db/migrate.ts": {"path":"/Users/chenli/mem-x/src/db/migrate.ts","statementMap":{"0":{"start":{"line":7,"column":8},"end":{"line":7,"column":null}},"1":{"start":{"line":8,"column":2},"end":{"line":8,"column":null}},"2":{"start":{"line":12,"column":8},"end":{"line":12,"column":null}},"3":{"start":{"line":13,"column":21},"end":{"line":13,"column":null}},"4":{"start":{"line":14,"column":2},"end":{"line":14,"column":null}},"5":{"start":{"line":15,"column":2},"end":{"line":15,"column":null}}},"fnMap":{"0":{"name":"getDimensions","decl":{"start":{"line":6,"column":16},"end":{"line":6,"column":40}},"loc":{"start":{"line":6,"column":40},"end":{"line":9,"column":null}},"line":6},"1":{"name":"initializeDatabase","decl":{"start":{"line":11,"column":16},"end":{"line":11,"column":43}},"loc":{"start":{"line":11,"column":43},"end":{"line":16,"column":null}},"line":11}},"branchMap":{"0":{"loc":{"start":{"line":8,"column":9},"end":{"line":8,"column":null}},"type":"binary-expr","locations":[{"start":{"line":8,"column":9},"end":{"line":8,"column":53}},{"start":{"line":8,"column":53},"end":{"line":8,"column":null}}],"line":8}},"s":{"0":3,"1":3,"2":1,"3":1,"4":1,"5":1},"f":{"0":3,"1":1},"b":{"0":[3,1]},"meta":{"lastBranch":1,"lastFunction":2,"lastStatement":6,"seen":{"f:6:16:6:40":0,"s:7:8:7:Infinity":0,"s:8:2:8:Infinity":1,"b:8:9:8:53:8:53:8:Infinity":0,"f:11:16:11:43":1,"s:12:8:12:Infinity":2,"s:13:21:13:Infinity":3,"s:14:2:14:Infinity":4,"s:15:2:15:Infinity":5}}}
,"/Users/chenli/mem-x/src/db/schema.ts": {"path":"/Users/chenli/mem-x/src/db/schema.ts","statementMap":{"0":{"start":{"line":3,"column":20},"end":{"line":3,"column":null}},"1":{"start":{"line":82,"column":19},"end":{"line":82,"column":null}},"2":{"start":{"line":104,"column":21},"end":{"line":104,"column":null}},"3":{"start":{"line":167,"column":2},"end":{"line":184,"column":null}},"4":{"start":{"line":188,"column":2},"end":{"line":188,"column":null}},"5":{"start":{"line":189,"column":2},"end":{"line":189,"column":null}},"6":{"start":{"line":190,"column":2},"end":{"line":190,"column":null}},"7":{"start":{"line":191,"column":2},"end":{"line":191,"column":null}}},"fnMap":{"0":{"name":"createVecTables","decl":{"start":{"line":166,"column":16},"end":{"line":166,"column":32}},"loc":{"start":{"line":166,"column":81},"end":{"line":185,"column":null}},"line":166},"1":{"name":"createSchema","decl":{"start":{"line":187,"column":16},"end":{"line":187,"column":29}},"loc":{"start":{"line":187,"column":78},"end":{"line":192,"column":null}},"line":187}},"branchMap":{},"s":{"0":6,"1":6,"2":6,"3":91,"4":90,"5":90,"6":90,"7":90},"f":{"0":91,"1":90},"b":{},"meta":{"lastBranch":0,"lastFunction":2,"lastStatement":8,"seen":{"s:3:20:3:Infinity":0,"s:82:19:82:Infinity":1,"s:104:21:104:Infinity":2,"f:166:16:166:32":0,"s:167:2:184:Infinity":3,"f:187:16:187:29":1,"s:188:2:188:Infinity":4,"s:189:2:189:Infinity":5,"s:190:2:190:Infinity":6,"s:191:2:191:Infinity":7}}}
,"/Users/chenli/mem-x/src/debug/handlers.ts": {"path":"/Users/chenli/mem-x/src/debug/handlers.ts","statementMap":{"0":{"start":{"line":7,"column":2},"end":{"line":7,"column":null}},"1":{"start":{"line":11,"column":2},"end":{"line":15,"column":null}},"2":{"start":{"line":12,"column":4},"end":{"line":12,"column":null}},"3":{"start":{"line":14,"column":4},"end":{"line":14,"column":null}},"4":{"start":{"line":19,"column":2},"end":{"line":59,"column":null}},"5":{"start":{"line":29,"column":8},"end":{"line":32,"column":null}},"6":{"start":{"line":30,"column":16},"end":{"line":30,"column":null}},"7":{"start":{"line":31,"column":10},"end":{"line":31,"column":null}},"8":{"start":{"line":32,"column":18},"end":{"line":32,"column":28}},"9":{"start":{"line":53,"column":12},"end":{"line":53,"column":null}},"10":{"start":{"line":54,"column":6},"end":{"line":54,"column":null}},"11":{"start":{"line":54,"column":60},"end":{"line":54,"column":71}},"12":{"start":{"line":57,"column":28},"end":{"line":57,"column":80}},"13":{"start":{"line":63,"column":2},"end":{"line":74,"column":null}},"14":{"start":{"line":78,"column":8},"end":{"line":80,"column":null}},"15":{"start":{"line":81,"column":2},"end":{"line":81,"column":null}},"16":{"start":{"line":81,"column":12},"end":{"line":81,"column":null}},"17":{"start":{"line":83,"column":18},"end":{"line":83,"column":null}},"18":{"start":{"line":84,"column":2},"end":{"line":86,"column":null}},"19":{"start":{"line":85,"column":4},"end":{"line":85,"column":null}},"20":{"start":{"line":88,"column":2},"end":{"line":88,"column":null}},"21":{"start":{"line":92,"column":19},"end":{"line":92,"column":null}},"22":{"start":{"line":93,"column":8},"end":{"line":95,"column":null}},"23":{"start":{"line":96,"column":2},"end":{"line":96,"column":null}},"24":{"start":{"line":96,"column":19},"end":{"line":96,"column":45}},"25":{"start":{"line":100,"column":92},"end":{"line":100,"column":null}},"26":{"start":{"line":102,"column":2},"end":{"line":122,"column":null}},"27":{"start":{"line":103,"column":21},"end":{"line":105,"column":null}},"28":{"start":{"line":106,"column":4},"end":{"line":111,"column":null}},"29":{"start":{"line":113,"column":20},"end":{"line":115,"column":null}},"30":{"start":{"line":116,"column":4},"end":{"line":121,"column":null}},"31":{"start":{"line":124,"column":18},"end":{"line":126,"column":null}},"32":{"start":{"line":127,"column":2},"end":{"line":132,"column":null}},"33":{"start":{"line":134,"column":2},"end":{"line":134,"column":null}},"34":{"start":{"line":134,"column":35},"end":{"line":134,"column":52}}},"fnMap":{"0":{"name":"count","decl":{"start":{"line":6,"column":9},"end":{"line":6,"column":15}},"loc":{"start":{"line":6,"column":58},"end":{"line":8,"column":null}},"line":6},"1":{"name":"safeCount","decl":{"start":{"line":10,"column":9},"end":{"line":10,"column":19}},"loc":{"start":{"line":10,"column":62},"end":{"line":16,"column":null}},"line":10},"2":{"name":"getStats","decl":{"start":{"line":18,"column":16},"end":{"line":18,"column":27}},"loc":{"start":{"line":18,"column":27},"end":{"line":60,"column":null}},"line":18},"3":{"name":"(anonymous_3)","decl":{"start":{"line":28,"column":23},"end":{"line":28,"column":29}},"loc":{"start":{"line":28,"column":29},"end":{"line":33,"column":9}},"line":28},"4":{"name":"(anonymous_4)","decl":{"start":{"line":52,"column":15},"end":{"line":52,"column":21}},"loc":{"start":{"line":52,"column":21},"end":{"line":55,"column":7}},"line":52},"5":{"name":"(anonymous_5)","decl":{"start":{"line":54,"column":53},"end":{"line":54,"column":54}},"loc":{"start":{"line":54,"column":60},"end":{"line":54,"column":71}},"line":54},"6":{"name":"(anonymous_6)","decl":{"start":{"line":57,"column":21},"end":{"line":57,"column":22}},"loc":{"start":{"line":57,"column":28},"end":{"line":57,"column":80}},"line":57},"7":{"name":"getTimeline","decl":{"start":{"line":62,"column":16},"end":{"line":62,"column":28}},"loc":{"start":{"line":62,"column":40},"end":{"line":75,"column":null}},"line":62},"8":{"name":"inspectMemory","decl":{"start":{"line":77,"column":16},"end":{"line":77,"column":30}},"loc":{"start":{"line":77,"column":62},"end":{"line":89,"column":null}},"line":77},"9":{"name":"listLayerMemories","decl":{"start":{"line":91,"column":16},"end":{"line":91,"column":34}},"loc":{"start":{"line":91,"column":66},"end":{"line":97,"column":null}},"line":91},"10":{"name":"(anonymous_10)","decl":{"start":{"line":96,"column":18},"end":{"line":96,"column":19}},"loc":{"start":{"line":96,"column":19},"end":{"line":96,"column":45}},"line":96},"11":{"name":"getHealth","decl":{"start":{"line":99,"column":16},"end":{"line":99,"column":28}},"loc":{"start":{"line":99,"column":28},"end":{"line":135,"column":null}},"line":99},"12":{"name":"(anonymous_12)","decl":{"start":{"line":134,"column":28},"end":{"line":134,"column":29}},"loc":{"start":{"line":134,"column":35},"end":{"line":134,"column":52}},"line":134}},"branchMap":{"0":{"loc":{"start":{"line":30,"column":16},"end":{"line":30,"column":null}},"type":"binary-expr","locations":[{"start":{"line":30,"column":16},"end":{"line":30,"column":126}},{"start":{"line":30,"column":126},"end":{"line":30,"column":null}}],"line":30},"1":{"loc":{"start":{"line":62,"column":28},"end":{"line":62,"column":40}},"type":"default-arg","locations":[{"start":{"line":62,"column":36},"end":{"line":62,"column":40}}],"line":62},"2":{"loc":{"start":{"line":81,"column":2},"end":{"line":81,"column":null}},"type":"if","locations":[{"start":{"line":81,"column":2},"end":{"line":81,"column":null}},{"start":{},"end":{}}],"line":81},"3":{"loc":{"start":{"line":91,"column":54},"end":{"line":91,"column":66}},"type":"default-arg","locations":[{"start":{"line":91,"column":62},"end":{"line":91,"column":66}}],"line":91},"4":{"loc":{"start":{"line":92,"column":19},"end":{"line":92,"column":null}},"type":"cond-expr","locations":[{"start":{"line":92,"column":42},"end":{"line":92,"column":56}},{"start":{"line":92,"column":56},"end":{"line":92,"column":null}}],"line":92},"5":{"loc":{"start":{"line":108,"column":14},"end":{"line":108,"column":null}},"type":"cond-expr","locations":[{"start":{"line":108,"column":29},"end":{"line":108,"column":38}},{"start":{"line":108,"column":38},"end":{"line":108,"column":null}}],"line":108},"6":{"loc":{"start":{"line":118,"column":14},"end":{"line":118,"column":null}},"type":"cond-expr","locations":[{"start":{"line":118,"column":28},"end":{"line":118,"column":37}},{"start":{"line":118,"column":37},"end":{"line":118,"column":null}}],"line":118},"7":{"loc":{"start":{"line":129,"column":12},"end":{"line":129,"column":null}},"type":"cond-expr","locations":[{"start":{"line":129,"column":26},"end":{"line":129,"column":35}},{"start":{"line":129,"column":35},"end":{"line":129,"column":null}}],"line":129}},"s":{"0":98,"1":96,"2":96,"3":0,"4":3,"5":3,"6":3,"7":3,"8":0,"9":3,"10":3,"11":0,"12":12,"13":3,"14":4,"15":4,"16":2,"17":2,"18":2,"19":2,"20":2,"21":5,"22":5,"23":5,"24":5,"25":4,"26":4,"27":16,"28":16,"29":16,"30":16,"31":4,"32":4,"33":4,"34":24},"f":{"0":98,"1":96,"2":3,"3":3,"4":3,"5":0,"6":12,"7":3,"8":4,"9":5,"10":5,"11":4,"12":24},"b":{"0":[3,0],"1":[3],"2":[2,2],"3":[5],"4":[4,1],"5":[0,16],"6":[2,14],"7":[1,3]},"meta":{"lastBranch":8,"lastFunction":13,"lastStatement":35,"seen":{"f:6:9:6:15":0,"s:7:2:7:Infinity":0,"f:10:9:10:19":1,"s:11:2:15:Infinity":1,"s:12:4:12:Infinity":2,"s:14:4:14:Infinity":3,"f:18:16:18:27":2,"s:19:2:59:Infinity":4,"f:28:23:28:29":3,"s:29:8:32:Infinity":5,"s:30:16:30:Infinity":6,"b:30:16:30:126:30:126:30:Infinity":0,"s:31:10:31:Infinity":7,"s:32:18:32:28":8,"f:52:15:52:21":4,"s:53:12:53:Infinity":9,"s:54:6:54:Infinity":10,"f:54:53:54:54":5,"s:54:60:54:71":11,"f:57:21:57:22":6,"s:57:28:57:80":12,"f:62:16:62:28":7,"b:62:36:62:40":1,"s:63:2:74:Infinity":13,"f:77:16:77:30":8,"s:78:8:80:Infinity":14,"b:81:2:81:Infinity:undefined:undefined:undefined:undefined":2,"s:81:2:81:Infinity":15,"s:81:12:81:Infinity":16,"s:83:18:83:Infinity":17,"s:84:2:86:Infinity":18,"s:85:4:85:Infinity":19,"s:88:2:88:Infinity":20,"f:91:16:91:34":9,"b:91:62:91:66":3,"s:92:19:92:Infinity":21,"b:92:42:92:56:92:56:92:Infinity":4,"s:93:8:95:Infinity":22,"s:96:2:96:Infinity":23,"f:96:18:96:19":10,"s:96:19:96:45":24,"f:99:16:99:28":11,"s:100:92:100:Infinity":25,"s:102:2:122:Infinity":26,"s:103:21:105:Infinity":27,"s:106:4:111:Infinity":28,"b:108:29:108:38:108:38:108:Infinity":5,"s:113:20:115:Infinity":29,"s:116:4:121:Infinity":30,"b:118:28:118:37:118:37:118:Infinity":6,"s:124:18:126:Infinity":31,"s:127:2:132:Infinity":32,"b:129:26:129:35:129:35:129:Infinity":7,"s:134:2:134:Infinity":33,"f:134:28:134:29":12,"s:134:35:134:52":34}}}
,"/Users/chenli/mem-x/src/debug/search-debug.ts": {"path":"/Users/chenli/mem-x/src/debug/search-debug.ts","statementMap":{"0":{"start":{"line":18,"column":49},"end":{"line":18,"column":null}},"1":{"start":{"line":19,"column":17},"end":{"line":19,"column":null}},"2":{"start":{"line":21,"column":70},"end":{"line":21,"column":null}},"3":{"start":{"line":22,"column":73},"end":{"line":22,"column":null}},"4":{"start":{"line":24,"column":2},"end":{"line":30,"column":null}},"5":{"start":{"line":25,"column":4},"end":{"line":29,"column":null}},"6":{"start":{"line":26,"column":6},"end":{"line":28,"column":null}},"7":{"start":{"line":27,"column":8},"end":{"line":27,"column":null}},"8":{"start":{"line":27,"column":68},"end":{"line":27,"column":87}},"9":{"start":{"line":32,"column":2},"end":{"line":42,"column":null}},"10":{"start":{"line":33,"column":4},"end":{"line":41,"column":null}},"11":{"start":{"line":34,"column":24},"end":{"line":34,"column":null}},"12":{"start":{"line":35,"column":18},"end":{"line":35,"column":null}},"13":{"start":{"line":36,"column":6},"end":{"line":40,"column":null}},"14":{"start":{"line":37,"column":8},"end":{"line":39,"column":null}},"15":{"start":{"line":38,"column":10},"end":{"line":38,"column":null}},"16":{"start":{"line":38,"column":66},"end":{"line":38,"column":85}},"17":{"start":{"line":44,"column":17},"end":{"line":44,"column":null}},"18":{"start":{"line":46,"column":2},"end":{"line":51,"column":null}},"19":{"start":{"line":47,"column":16},"end":{"line":47,"column":null}},"20":{"start":{"line":48,"column":21},"end":{"line":48,"column":null}},"21":{"start":{"line":49,"column":4},"end":{"line":50,"column":null}},"22":{"start":{"line":49,"column":20},"end":{"line":49,"column":42}},"23":{"start":{"line":49,"column":42},"end":{"line":49,"column":63}},"24":{"start":{"line":50,"column":9},"end":{"line":50,"column":null}},"25":{"start":{"line":53,"column":2},"end":{"line":58,"column":null}},"26":{"start":{"line":54,"column":16},"end":{"line":54,"column":null}},"27":{"start":{"line":55,"column":21},"end":{"line":55,"column":null}},"28":{"start":{"line":56,"column":4},"end":{"line":57,"column":null}},"29":{"start":{"line":56,"column":20},"end":{"line":56,"column":45}},"30":{"start":{"line":56,"column":45},"end":{"line":56,"column":66}},"31":{"start":{"line":57,"column":9},"end":{"line":57,"column":null}},"32":{"start":{"line":60,"column":39},"end":{"line":60,"column":null}},"33":{"start":{"line":61,"column":18},"end":{"line":61,"column":null}},"34":{"start":{"line":62,"column":2},"end":{"line":66,"column":null}},"35":{"start":{"line":63,"column":16},"end":{"line":63,"column":null}},"36":{"start":{"line":64,"column":4},"end":{"line":64,"column":null}},"37":{"start":{"line":65,"column":4},"end":{"line":65,"column":null}},"38":{"start":{"line":68,"column":2},"end":{"line":77,"column":null}},"39":{"start":{"line":69,"column":10},"end":{"line":69,"column":null}},"40":{"start":{"line":70,"column":4},"end":{"line":76,"column":null}},"41":{"start":{"line":71,"column":19},"end":{"line":71,"column":null}},"42":{"start":{"line":72,"column":16},"end":{"line":72,"column":null}},"43":{"start":{"line":73,"column":6},"end":{"line":75,"column":null}},"44":{"start":{"line":74,"column":8},"end":{"line":74,"column":null}},"45":{"start":{"line":79,"column":2},"end":{"line":79,"column":null}},"46":{"start":{"line":79,"column":25},"end":{"line":79,"column":50}},"47":{"start":{"line":80,"column":2},"end":{"line":80,"column":null}}},"fnMap":{"0":{"name":"debugSearch","decl":{"start":{"line":14,"column":22},"end":{"line":14,"column":null}},"loc":{"start":{"line":17,"column":89},"end":{"line":81,"column":null}},"line":17},"1":{"name":"(anonymous_1)","decl":{"start":{"line":27,"column":60},"end":{"line":27,"column":61}},"loc":{"start":{"line":27,"column":68},"end":{"line":27,"column":87}},"line":27},"2":{"name":"(anonymous_2)","decl":{"start":{"line":38,"column":58},"end":{"line":38,"column":59}},"loc":{"start":{"line":38,"column":66},"end":{"line":38,"column":85}},"line":38},"3":{"name":"(anonymous_3)","decl":{"start":{"line":46,"column":18},"end":{"line":46,"column":19}},"loc":{"start":{"line":46,"column":49},"end":{"line":51,"column":3}},"line":46},"4":{"name":"(anonymous_4)","decl":{"start":{"line":53,"column":17},"end":{"line":53,"column":18}},"loc":{"start":{"line":53,"column":52},"end":{"line":58,"column":3}},"line":53},"5":{"name":"(anonymous_5)","decl":{"start":{"line":79,"column":15},"end":{"line":79,"column":16}},"loc":{"start":{"line":79,"column":25},"end":{"line":79,"column":50}},"line":79}},"branchMap":{"0":{"loc":{"start":{"line":18,"column":17},"end":{"line":18,"column":34}},"type":"default-arg","locations":[{"start":{"line":18,"column":24},"end":{"line":18,"column":34}}],"line":18},"1":{"loc":{"start":{"line":18,"column":34},"end":{"line":18,"column":45}},"type":"default-arg","locations":[{"start":{"line":18,"column":42},"end":{"line":18,"column":45}}],"line":18},"2":{"loc":{"start":{"line":19,"column":17},"end":{"line":19,"column":null}},"type":"cond-expr","locations":[{"start":{"line":19,"column":25},"end":{"line":19,"column":35}},{"start":{"line":19,"column":35},"end":{"line":19,"column":null}}],"line":19},"3":{"loc":{"start":{"line":24,"column":2},"end":{"line":30,"column":null}},"type":"if","locations":[{"start":{"line":24,"column":2},"end":{"line":30,"column":null}},{"start":{},"end":{}}],"line":24},"4":{"loc":{"start":{"line":32,"column":2},"end":{"line":42,"column":null}},"type":"if","locations":[{"start":{"line":32,"column":2},"end":{"line":42,"column":null}},{"start":{},"end":{}}],"line":32},"5":{"loc":{"start":{"line":49,"column":4},"end":{"line":50,"column":null}},"type":"if","locations":[{"start":{"line":49,"column":4},"end":{"line":50,"column":null}},{"start":{"line":50,"column":9},"end":{"line":50,"column":null}}],"line":49},"6":{"loc":{"start":{"line":56,"column":4},"end":{"line":57,"column":null}},"type":"if","locations":[{"start":{"line":56,"column":4},"end":{"line":57,"column":null}},{"start":{"line":57,"column":9},"end":{"line":57,"column":null}}],"line":56},"7":{"loc":{"start":{"line":63,"column":16},"end":{"line":63,"column":null}},"type":"binary-expr","locations":[{"start":{"line":63,"column":16},"end":{"line":63,"column":40}},{"start":{"line":63,"column":40},"end":{"line":63,"column":null}}],"line":63},"8":{"loc":{"start":{"line":73,"column":6},"end":{"line":75,"column":null}},"type":"if","locations":[{"start":{"line":73,"column":6},"end":{"line":75,"column":null}},{"start":{},"end":{}}],"line":73}},"s":{"0":5,"1":5,"2":5,"3":5,"4":5,"5":4,"6":13,"7":13,"8":6,"9":5,"10":2,"11":2,"12":2,"13":2,"14":8,"15":8,"16":4,"17":5,"18":5,"19":6,"20":6,"21":6,"22":0,"23":0,"24":6,"25":5,"26":4,"27":4,"28":4,"29":2,"30":2,"31":2,"32":5,"33":5,"34":5,"35":8,"36":8,"37":8,"38":5,"39":8,"40":8,"41":8,"42":8,"43":8,"44":8,"45":5,"46":3,"47":5},"f":{"0":5,"1":6,"2":4,"3":6,"4":4,"5":3},"b":{"0":[5],"1":[5],"2":[1,4],"3":[4,1],"4":[2,3],"5":[0,6],"6":[2,2],"7":[8,8],"8":[8,0]},"meta":{"lastBranch":9,"lastFunction":6,"lastStatement":48,"seen":{"f:14:22:14:Infinity":0,"s:18:49:18:Infinity":0,"b:18:24:18:34":0,"b:18:42:18:45":1,"s:19:17:19:Infinity":1,"b:19:25:19:35:19:35:19:Infinity":2,"s:21:70:21:Infinity":2,"s:22:73:22:Infinity":3,"b:24:2:30:Infinity:undefined:undefined:undefined:undefined":3,"s:24:2:30:Infinity":4,"s:25:4:29:Infinity":5,"s:26:6:28:Infinity":6,"s:27:8:27:Infinity":7,"f:27:60:27:61":1,"s:27:68:27:87":8,"b:32:2:42:Infinity:undefined:undefined:undefined:undefined":4,"s:32:2:42:Infinity":9,"s:33:4:41:Infinity":10,"s:34:24:34:Infinity":11,"s:35:18:35:Infinity":12,"s:36:6:40:Infinity":13,"s:37:8:39:Infinity":14,"s:38:10:38:Infinity":15,"f:38:58:38:59":2,"s:38:66:38:85":16,"s:44:17:44:Infinity":17,"s:46:2:51:Infinity":18,"f:46:18:46:19":3,"s:47:16:47:Infinity":19,"s:48:21:48:Infinity":20,"b:49:4:50:Infinity:50:9:50:Infinity":5,"s:49:4:50:Infinity":21,"s:49:20:49:42":22,"s:49:42:49:63":23,"s:50:9:50:Infinity":24,"s:53:2:58:Infinity":25,"f:53:17:53:18":4,"s:54:16:54:Infinity":26,"s:55:21:55:Infinity":27,"b:56:4:57:Infinity:57:9:57:Infinity":6,"s:56:4:57:Infinity":28,"s:56:20:56:45":29,"s:56:45:56:66":30,"s:57:9:57:Infinity":31,"s:60:39:60:Infinity":32,"s:61:18:61:Infinity":33,"s:62:2:66:Infinity":34,"s:63:16:63:Infinity":35,"b:63:16:63:40:63:40:63:Infinity":7,"s:64:4:64:Infinity":36,"s:65:4:65:Infinity":37,"s:68:2:77:Infinity":38,"s:69:10:69:Infinity":39,"s:70:4:76:Infinity":40,"s:71:19:71:Infinity":41,"s:72:16:72:Infinity":42,"b:73:6:75:Infinity:undefined:undefined:undefined:undefined":8,"s:73:6:75:Infinity":43,"s:74:8:74:Infinity":44,"s:79:2:79:Infinity":45,"f:79:15:79:16":5,"s:79:25:79:50":46,"s:80:2:80:Infinity":47}}}
,"/Users/chenli/mem-x/src/debug/server.ts": {"path":"/Users/chenli/mem-x/src/debug/server.ts","statementMap":{"0":{"start":{"line":14,"column":2},"end":{"line":14,"column":null}},"1":{"start":{"line":17,"column":6},"end":{"line":17,"column":null}},"2":{"start":{"line":18,"column":32},"end":{"line":18,"column":null}},"3":{"start":{"line":21,"column":2},"end":{"line":21,"column":null}},"4":{"start":{"line":21,"column":19},"end":{"line":21,"column":null}},"5":{"start":{"line":22,"column":2},"end":{"line":22,"column":null}},"6":{"start":{"line":26,"column":2},"end":{"line":30,"column":null}},"7":{"start":{"line":31,"column":2},"end":{"line":31,"column":null}},"8":{"start":{"line":35,"column":14},"end":{"line":35,"column":null}},"9":{"start":{"line":36,"column":12},"end":{"line":36,"column":null}},"10":{"start":{"line":37,"column":12},"end":{"line":37,"column":null}},"11":{"start":{"line":38,"column":16},"end":{"line":38,"column":null}},"12":{"start":{"line":38,"column":44},"end":{"line":38,"column":null}},"13":{"start":{"line":40,"column":2},"end":{"line":43,"column":null}},"14":{"start":{"line":41,"column":4},"end":{"line":41,"column":null}},"15":{"start":{"line":42,"column":4},"end":{"line":42,"column":null}},"16":{"start":{"line":45,"column":2},"end":{"line":48,"column":null}},"17":{"start":{"line":46,"column":4},"end":{"line":46,"column":null}},"18":{"start":{"line":47,"column":4},"end":{"line":47,"column":null}},"19":{"start":{"line":50,"column":2},"end":{"line":50,"column":null}},"20":{"start":{"line":50,"column":26},"end":{"line":50,"column":null}},"21":{"start":{"line":51,"column":2},"end":{"line":51,"column":null}},"22":{"start":{"line":51,"column":29},"end":{"line":51,"column":null}},"23":{"start":{"line":52,"column":2},"end":{"line":52,"column":null}},"24":{"start":{"line":52,"column":27},"end":{"line":52,"column":null}},"25":{"start":{"line":53,"column":2},"end":{"line":53,"column":null}},"26":{"start":{"line":53,"column":29},"end":{"line":53,"column":null}},"27":{"start":{"line":54,"column":2},"end":{"line":54,"column":null}},"28":{"start":{"line":54,"column":26},"end":{"line":54,"column":null}},"29":{"start":{"line":58,"column":2},"end":{"line":61,"column":null}},"30":{"start":{"line":59,"column":10},"end":{"line":59,"column":null}},"31":{"start":{"line":60,"column":4},"end":{"line":60,"column":null}},"32":{"start":{"line":63,"column":2},"end":{"line":66,"column":null}},"33":{"start":{"line":64,"column":4},"end":{"line":64,"column":null}},"34":{"start":{"line":64,"column":33},"end":{"line":64,"column":null}},"35":{"start":{"line":65,"column":4},"end":{"line":65,"column":null}},"36":{"start":{"line":68,"column":2},"end":{"line":72,"column":null}},"37":{"start":{"line":69,"column":4},"end":{"line":69,"column":null}},"38":{"start":{"line":69,"column":33},"end":{"line":69,"column":null}},"39":{"start":{"line":70,"column":10},"end":{"line":70,"column":null}},"40":{"start":{"line":71,"column":4},"end":{"line":71,"column":null}},"41":{"start":{"line":74,"column":2},"end":{"line":77,"column":null}},"42":{"start":{"line":75,"column":4},"end":{"line":75,"column":null}},"43":{"start":{"line":75,"column":33},"end":{"line":75,"column":null}},"44":{"start":{"line":76,"column":4},"end":{"line":76,"column":null}},"45":{"start":{"line":79,"column":2},"end":{"line":84,"column":null}},"46":{"start":{"line":80,"column":14},"end":{"line":80,"column":null}},"47":{"start":{"line":81,"column":18},"end":{"line":81,"column":null}},"48":{"start":{"line":82,"column":17},"end":{"line":82,"column":null}},"49":{"start":{"line":83,"column":4},"end":{"line":83,"column":null}},"50":{"start":{"line":86,"column":2},"end":{"line":86,"column":null}},"51":{"start":{"line":90,"column":2},"end":{"line":90,"column":null}},"52":{"start":{"line":92,"column":8},"end":{"line":94,"column":null}},"53":{"start":{"line":93,"column":4},"end":{"line":93,"column":null}},"54":{"start":{"line":93,"column":35},"end":{"line":93,"column":84}},"55":{"start":{"line":96,"column":2},"end":{"line":99,"column":null}},"56":{"start":{"line":97,"column":4},"end":{"line":97,"column":null}},"57":{"start":{"line":98,"column":4},"end":{"line":98,"column":null}},"58":{"start":{"line":101,"column":2},"end":{"line":105,"column":null}},"59":{"start":{"line":102,"column":4},"end":{"line":102,"column":null}},"60":{"start":{"line":103,"column":4},"end":{"line":103,"column":null}},"61":{"start":{"line":104,"column":4},"end":{"line":104,"column":null}},"62":{"start":{"line":107,"column":2},"end":{"line":107,"column":null}}},"fnMap":{"0":{"name":"isValidLayer","decl":{"start":{"line":13,"column":9},"end":{"line":13,"column":22}},"loc":{"start":{"line":13,"column":51},"end":{"line":15,"column":null}},"line":13},"1":{"name":"getDashboard","decl":{"start":{"line":20,"column":9},"end":{"line":20,"column":32}},"loc":{"start":{"line":20,"column":32},"end":{"line":23,"column":null}},"line":20},"2":{"name":"json","decl":{"start":{"line":25,"column":9},"end":{"line":25,"column":14}},"loc":{"start":{"line":25,"column":64},"end":{"line":32,"column":null}},"line":25},"3":{"name":"route","decl":{"start":{"line":34,"column":15},"end":{"line":34,"column":21}},"loc":{"start":{"line":34,"column":64},"end":{"line":87,"column":null}},"line":34},"4":{"name":"(anonymous_4)","decl":{"start":{"line":38,"column":16},"end":{"line":38,"column":17}},"loc":{"start":{"line":38,"column":44},"end":{"line":38,"column":null}},"line":38},"5":{"name":"startDebugServer","decl":{"start":{"line":89,"column":16},"end":{"line":89,"column":33}},"loc":{"start":{"line":89,"column":46},"end":{"line":108,"column":null}},"line":89},"6":{"name":"(anonymous_6)","decl":{"start":{"line":92,"column":30},"end":{"line":92,"column":31}},"loc":{"start":{"line":92,"column":44},"end":{"line":94,"column":3}},"line":92},"7":{"name":"(anonymous_7)","decl":{"start":{"line":93,"column":26},"end":{"line":93,"column":27}},"loc":{"start":{"line":93,"column":35},"end":{"line":93,"column":84}},"line":93},"8":{"name":"(anonymous_8)","decl":{"start":{"line":96,"column":22},"end":{"line":96,"column":28}},"loc":{"start":{"line":96,"column":28},"end":{"line":99,"column":3}},"line":96},"9":{"name":"(anonymous_9)","decl":{"start":{"line":101,"column":23},"end":{"line":101,"column":29}},"loc":{"start":{"line":101,"column":29},"end":{"line":105,"column":3}},"line":101}},"branchMap":{"0":{"loc":{"start":{"line":21,"column":2},"end":{"line":21,"column":null}},"type":"if","locations":[{"start":{"line":21,"column":2},"end":{"line":21,"column":null}},{"start":{},"end":{}}],"line":21},"1":{"loc":{"start":{"line":25,"column":50},"end":{"line":25,"column":64}},"type":"default-arg","locations":[{"start":{"line":25,"column":59},"end":{"line":25,"column":64}}],"line":25},"2":{"loc":{"start":{"line":35,"column":22},"end":{"line":35,"column":38}},"type":"binary-expr","locations":[{"start":{"line":35,"column":22},"end":{"line":35,"column":33}},{"start":{"line":35,"column":33},"end":{"line":35,"column":38}}],"line":35},"3":{"loc":{"start":{"line":37,"column":12},"end":{"line":37,"column":null}},"type":"binary-expr","locations":[{"start":{"line":37,"column":12},"end":{"line":37,"column":26}},{"start":{"line":37,"column":26},"end":{"line":37,"column":null}}],"line":37},"4":{"loc":{"start":{"line":38,"column":44},"end":{"line":38,"column":null}},"type":"binary-expr","locations":[{"start":{"line":38,"column":44},"end":{"line":38,"column":71}},{"start":{"line":38,"column":71},"end":{"line":38,"column":null}}],"line":38},"5":{"loc":{"start":{"line":40,"column":2},"end":{"line":43,"column":null}},"type":"if","locations":[{"start":{"line":40,"column":2},"end":{"line":43,"column":null}},{"start":{},"end":{}}],"line":40},"6":{"loc":{"start":{"line":45,"column":2},"end":{"line":48,"column":null}},"type":"if","locations":[{"start":{"line":45,"column":2},"end":{"line":48,"column":null}},{"start":{},"end":{}}],"line":45},"7":{"loc":{"start":{"line":45,"column":6},"end":{"line":45,"column":32}},"type":"binary-expr","locations":[{"start":{"line":45,"column":6},"end":{"line":45,"column":19}},{"start":{"line":45,"column":19},"end":{"line":45,"column":32}}],"line":45},"8":{"loc":{"start":{"line":50,"column":2},"end":{"line":50,"column":null}},"type":"if","locations":[{"start":{"line":50,"column":2},"end":{"line":50,"column":null}},{"start":{},"end":{}}],"line":50},"9":{"loc":{"start":{"line":51,"column":2},"end":{"line":51,"column":null}},"type":"if","locations":[{"start":{"line":51,"column":2},"end":{"line":51,"column":null}},{"start":{},"end":{}}],"line":51},"10":{"loc":{"start":{"line":52,"column":2},"end":{"line":52,"column":null}},"type":"if","locations":[{"start":{"line":52,"column":2},"end":{"line":52,"column":null}},{"start":{},"end":{}}],"line":52},"11":{"loc":{"start":{"line":53,"column":2},"end":{"line":53,"column":null}},"type":"if","locations":[{"start":{"line":53,"column":2},"end":{"line":53,"column":null}},{"start":{},"end":{}}],"line":53},"12":{"loc":{"start":{"line":54,"column":2},"end":{"line":54,"column":null}},"type":"if","locations":[{"start":{"line":54,"column":2},"end":{"line":54,"column":null}},{"start":{},"end":{}}],"line":54},"13":{"loc":{"start":{"line":58,"column":2},"end":{"line":61,"column":null}},"type":"if","locations":[{"start":{"line":58,"column":2},"end":{"line":61,"column":null}},{"start":{},"end":{}}],"line":58},"14":{"loc":{"start":{"line":58,"column":2},"end":{"line":58,"column":67}},"type":"binary-expr","locations":[{"start":{"line":58,"column":7},"end":{"line":58,"column":54}},{"start":{"line":58,"column":54},"end":{"line":58,"column":67}}],"line":58},"15":{"loc":{"start":{"line":60,"column":11},"end":{"line":60,"column":null}},"type":"cond-expr","locations":[{"start":{"line":60,"column":15},"end":{"line":60,"column":30}},{"start":{"line":60,"column":30},"end":{"line":60,"column":null}}],"line":60},"16":{"loc":{"start":{"line":63,"column":2},"end":{"line":66,"column":null}},"type":"if","locations":[{"start":{"line":63,"column":2},"end":{"line":66,"column":null}},{"start":{},"end":{}}],"line":63},"17":{"loc":{"start":{"line":63,"column":2},"end":{"line":63,"column":68}},"type":"binary-expr","locations":[{"start":{"line":63,"column":7},"end":{"line":63,"column":55}},{"start":{"line":63,"column":55},"end":{"line":63,"column":68}}],"line":63},"18":{"loc":{"start":{"line":64,"column":4},"end":{"line":64,"column":null}},"type":"if","locations":[{"start":{"line":64,"column":4},"end":{"line":64,"column":null}},{"start":{},"end":{}}],"line":64},"19":{"loc":{"start":{"line":68,"column":2},"end":{"line":72,"column":null}},"type":"if","locations":[{"start":{"line":68,"column":2},"end":{"line":72,"column":null}},{"start":{},"end":{}}],"line":68},"20":{"loc":{"start":{"line":68,"column":2},"end":{"line":68,"column":73}},"type":"binary-expr","locations":[{"start":{"line":68,"column":7},"end":{"line":68,"column":60}},{"start":{"line":68,"column":60},"end":{"line":68,"column":73}}],"line":68},"21":{"loc":{"start":{"line":69,"column":4},"end":{"line":69,"column":null}},"type":"if","locations":[{"start":{"line":69,"column":4},"end":{"line":69,"column":null}},{"start":{},"end":{}}],"line":69},"22":{"loc":{"start":{"line":71,"column":11},"end":{"line":71,"column":null}},"type":"cond-expr","locations":[{"start":{"line":71,"column":15},"end":{"line":71,"column":30}},{"start":{"line":71,"column":30},"end":{"line":71,"column":null}}],"line":71},"23":{"loc":{"start":{"line":74,"column":2},"end":{"line":77,"column":null}},"type":"if","locations":[{"start":{"line":74,"column":2},"end":{"line":77,"column":null}},{"start":{},"end":{}}],"line":74},"24":{"loc":{"start":{"line":74,"column":2},"end":{"line":74,"column":77}},"type":"binary-expr","locations":[{"start":{"line":74,"column":7},"end":{"line":74,"column":61}},{"start":{"line":74,"column":61},"end":{"line":74,"column":77}}],"line":74},"25":{"loc":{"start":{"line":75,"column":4},"end":{"line":75,"column":null}},"type":"if","locations":[{"start":{"line":75,"column":4},"end":{"line":75,"column":null}},{"start":{},"end":{}}],"line":75},"26":{"loc":{"start":{"line":79,"column":2},"end":{"line":84,"column":null}},"type":"if","locations":[{"start":{"line":79,"column":2},"end":{"line":84,"column":null}},{"start":{},"end":{}}],"line":79},"27":{"loc":{"start":{"line":83,"column":51},"end":{"line":83,"column":71}},"type":"binary-expr","locations":[{"start":{"line":83,"column":51},"end":{"line":83,"column":60}},{"start":{"line":83,"column":60},"end":{"line":83,"column":71}}],"line":83},"28":{"loc":{"start":{"line":89,"column":33},"end":{"line":89,"column":46}},"type":"default-arg","locations":[{"start":{"line":89,"column":40},"end":{"line":89,"column":46}}],"line":89}},"s":{"0":9,"1":1,"2":1,"3":1,"4":1,"5":1,"6":17,"7":17,"8":19,"9":19,"10":19,"11":19,"12":9,"13":19,"14":1,"15":1,"16":18,"17":1,"18":1,"19":17,"20":17,"21":16,"22":16,"23":15,"24":15,"25":14,"26":14,"27":13,"28":13,"29":12,"30":1,"31":1,"32":11,"33":4,"34":1,"35":3,"36":7,"37":3,"38":1,"39":2,"40":2,"41":4,"42":2,"43":1,"44":1,"45":2,"46":1,"47":1,"48":1,"49":1,"50":1,"51":17,"52":17,"53":19,"54":0,"55":17,"56":17,"57":17,"58":17,"59":0,"60":0,"61":0,"62":17},"f":{"0":9,"1":1,"2":17,"3":19,"4":9,"5":17,"6":19,"7":0,"8":17,"9":0},"b":{"0":[1,0],"1":[17],"2":[19,0],"3":[19,0],"4":[9,6],"5":[1,18],"6":[1,17],"7":[18,1],"8":[1,16],"9":[1,15],"10":[1,14],"11":[1,13],"12":[1,12],"13":[1,11],"14":[12,1],"15":[0,1],"16":[4,7],"17":[11,4],"18":[1,3],"19":[3,4],"20":[7,3],"21":[1,2],"22":[1,1],"23":[2,2],"24":[4,2],"25":[1,1],"26":[1,1],"27":[1,1],"28":[17]},"meta":{"lastBranch":29,"lastFunction":10,"lastStatement":63,"seen":{"f:13:9:13:22":0,"s:14:2:14:Infinity":0,"s:17:6:17:Infinity":1,"s:18:32:18:Infinity":2,"f:20:9:20:32":1,"b:21:2:21:Infinity:undefined:undefined:undefined:undefined":0,"s:21:2:21:Infinity":3,"s:21:19:21:Infinity":4,"s:22:2:22:Infinity":5,"f:25:9:25:14":2,"b:25:59:25:64":1,"s:26:2:30:Infinity":6,"s:31:2:31:Infinity":7,"f:34:15:34:21":3,"s:35:14:35:Infinity":8,"b:35:22:35:33:35:33:35:38":2,"s:36:12:36:Infinity":9,"s:37:12:37:Infinity":10,"b:37:12:37:26:37:26:37:Infinity":3,"s:38:16:38:Infinity":11,"f:38:16:38:17":4,"s:38:44:38:Infinity":12,"b:38:44:38:71:38:71:38:Infinity":4,"b:40:2:43:Infinity:undefined:undefined:undefined:undefined":5,"s:40:2:43:Infinity":13,"s:41:4:41:Infinity":14,"s:42:4:42:Infinity":15,"b:45:2:48:Infinity:undefined:undefined:undefined:undefined":6,"s:45:2:48:Infinity":16,"b:45:6:45:19:45:19:45:32":7,"s:46:4:46:Infinity":17,"s:47:4:47:Infinity":18,"b:50:2:50:Infinity:undefined:undefined:undefined:undefined":8,"s:50:2:50:Infinity":19,"s:50:26:50:Infinity":20,"b:51:2:51:Infinity:undefined:undefined:undefined:undefined":9,"s:51:2:51:Infinity":21,"s:51:29:51:Infinity":22,"b:52:2:52:Infinity:undefined:undefined:undefined:undefined":10,"s:52:2:52:Infinity":23,"s:52:27:52:Infinity":24,"b:53:2:53:Infinity:undefined:undefined:undefined:undefined":11,"s:53:2:53:Infinity":25,"s:53:29:53:Infinity":26,"b:54:2:54:Infinity:undefined:undefined:undefined:undefined":12,"s:54:2:54:Infinity":27,"s:54:26:54:Infinity":28,"b:58:2:61:Infinity:undefined:undefined:undefined:undefined":13,"s:58:2:61:Infinity":29,"b:58:7:58:54:58:54:58:67":14,"s:59:10:59:Infinity":30,"s:60:4:60:Infinity":31,"b:60:15:60:30:60:30:60:Infinity":15,"b:63:2:66:Infinity:undefined:undefined:undefined:undefined":16,"s:63:2:66:Infinity":32,"b:63:7:63:55:63:55:63:68":17,"b:64:4:64:Infinity:undefined:undefined:undefined:undefined":18,"s:64:4:64:Infinity":33,"s:64:33:64:Infinity":34,"s:65:4:65:Infinity":35,"b:68:2:72:Infinity:undefined:undefined:undefined:undefined":19,"s:68:2:72:Infinity":36,"b:68:7:68:60:68:60:68:73":20,"b:69:4:69:Infinity:undefined:undefined:undefined:undefined":21,"s:69:4:69:Infinity":37,"s:69:33:69:Infinity":38,"s:70:10:70:Infinity":39,"s:71:4:71:Infinity":40,"b:71:15:71:30:71:30:71:Infinity":22,"b:74:2:77:Infinity:undefined:undefined:undefined:undefined":23,"s:74:2:77:Infinity":41,"b:74:7:74:61:74:61:74:77":24,"b:75:4:75:Infinity:undefined:undefined:undefined:undefined":25,"s:75:4:75:Infinity":42,"s:75:33:75:Infinity":43,"s:76:4:76:Infinity":44,"b:79:2:84:Infinity:undefined:undefined:undefined:undefined":26,"s:79:2:84:Infinity":45,"s:80:14:80:Infinity":46,"s:81:18:81:Infinity":47,"s:82:17:82:Infinity":48,"s:83:4:83:Infinity":49,"b:83:51:83:60:83:60:83:71":27,"s:86:2:86:Infinity":50,"f:89:16:89:33":5,"b:89:40:89:46":28,"s:90:2:90:Infinity":51,"s:92:8:94:Infinity":52,"f:92:30:92:31":6,"s:93:4:93:Infinity":53,"f:93:26:93:27":7,"s:93:35:93:84":54,"s:96:2:99:Infinity":55,"f:96:22:96:28":8,"s:97:4:97:Infinity":56,"s:98:4:98:Infinity":57,"s:101:2:105:Infinity":58,"f:101:23:101:29":9,"s:102:4:102:Infinity":59,"s:103:4:103:Infinity":60,"s:104:4:104:Infinity":61,"s:107:2:107:Infinity":62}}}
,"/Users/chenli/mem-x/src/embedding/factory.ts": {"path":"/Users/chenli/mem-x/src/embedding/factory.ts","statementMap":{"0":{"start":{"line":6,"column":42},"end":{"line":6,"column":null}},"1":{"start":{"line":9,"column":2},"end":{"line":9,"column":null}},"2":{"start":{"line":9,"column":17},"end":{"line":9,"column":null}},"3":{"start":{"line":11,"column":8},"end":{"line":11,"column":null}},"4":{"start":{"line":12,"column":47},"end":{"line":12,"column":null}},"5":{"start":{"line":14,"column":2},"end":{"line":30,"column":null}},"6":{"start":{"line":16,"column":6},"end":{"line":20,"column":null}},"7":{"start":{"line":17,"column":8},"end":{"line":19,"column":null}},"8":{"start":{"line":21,"column":6},"end":{"line":21,"column":null}},"9":{"start":{"line":22,"column":6},"end":{"line":22,"column":null}},"10":{"start":{"line":25,"column":6},"end":{"line":25,"column":null}},"11":{"start":{"line":26,"column":6},"end":{"line":26,"column":null}},"12":{"start":{"line":29,"column":6},"end":{"line":29,"column":null}},"13":{"start":{"line":32,"column":2},"end":{"line":32,"column":null}},"14":{"start":{"line":36,"column":2},"end":{"line":36,"column":null}}},"fnMap":{"0":{"name":"getEmbeddingProvider","decl":{"start":{"line":8,"column":16},"end":{"line":8,"column":58}},"loc":{"start":{"line":8,"column":58},"end":{"line":33,"column":null}},"line":8},"1":{"name":"resetEmbeddingProvider","decl":{"start":{"line":35,"column":16},"end":{"line":35,"column":47}},"loc":{"start":{"line":35,"column":47},"end":{"line":37,"column":null}},"line":35}},"branchMap":{"0":{"loc":{"start":{"line":9,"column":2},"end":{"line":9,"column":null}},"type":"if","locations":[{"start":{"line":9,"column":2},"end":{"line":9,"column":null}},{"start":{},"end":{}}],"line":9},"1":{"loc":{"start":{"line":14,"column":2},"end":{"line":30,"column":null}},"type":"switch","locations":[{"start":{"line":15,"column":4},"end":{"line":23,"column":null}},{"start":{"line":24,"column":4},"end":{"line":27,"column":null}},{"start":{"line":28,"column":4},"end":{"line":29,"column":null}}],"line":14},"2":{"loc":{"start":{"line":16,"column":6},"end":{"line":20,"column":null}},"type":"if","locations":[{"start":{"line":16,"column":6},"end":{"line":20,"column":null}},{"start":{},"end":{}}],"line":16},"3":{"loc":{"start":{"line":16,"column":10},"end":{"line":16,"column":31}},"type":"binary-expr","locations":[{"start":{"line":16,"column":10},"end":{"line":16,"column":21}},{"start":{"line":16,"column":21},"end":{"line":16,"column":31}}],"line":16},"4":{"loc":{"start":{"line":21,"column":39},"end":{"line":21,"column":62}},"type":"binary-expr","locations":[{"start":{"line":21,"column":39},"end":{"line":21,"column":49}},{"start":{"line":21,"column":49},"end":{"line":21,"column":62}}],"line":21},"5":{"loc":{"start":{"line":25,"column":46},"end":{"line":25,"column":81}},"type":"binary-expr","locations":[{"start":{"line":25,"column":46},"end":{"line":25,"column":57}},{"start":{"line":25,"column":57},"end":{"line":25,"column":81}}],"line":25}},"s":{"0":1,"1":9,"2":1,"3":8,"4":8,"5":8,"6":6,"7":1,"8":5,"9":6,"10":1,"11":1,"12":1,"13":6,"14":19},"f":{"0":9,"1":19},"b":{"0":[1,8],"1":[8,1,1],"2":[1,5],"3":[6,2],"4":[5,1],"5":[1,1]},"meta":{"lastBranch":6,"lastFunction":2,"lastStatement":15,"seen":{"s:6:42:6:Infinity":0,"f:8:16:8:58":0,"b:9:2:9:Infinity:undefined:undefined:undefined:undefined":0,"s:9:2:9:Infinity":1,"s:9:17:9:Infinity":2,"s:11:8:11:Infinity":3,"s:12:47:12:Infinity":4,"b:15:4:23:Infinity:24:4:27:Infinity:28:4:29:Infinity":1,"s:14:2:30:Infinity":5,"b:16:6:20:Infinity:undefined:undefined:undefined:undefined":2,"s:16:6:20:Infinity":6,"b:16:10:16:21:16:21:16:31":3,"s:17:8:19:Infinity":7,"s:21:6:21:Infinity":8,"b:21:39:21:49:21:49:21:62":4,"s:22:6:22:Infinity":9,"s:25:6:25:Infinity":10,"b:25:46:25:57:25:57:25:81":5,"s:26:6:26:Infinity":11,"s:29:6:29:Infinity":12,"s:32:2:32:Infinity":13,"f:35:16:35:47":1,"s:36:2:36:Infinity":14}}}
,"/Users/chenli/mem-x/src/embedding/ollama.ts": {"path":"/Users/chenli/mem-x/src/embedding/ollama.ts","statementMap":{"0":{"start":{"line":12,"column":21},"end":{"line":12,"column":null}},"1":{"start":{"line":15,"column":16},"end":{"line":19,"column":null}},"2":{"start":{"line":20,"column":4},"end":{"line":22,"column":null}},"3":{"start":{"line":21,"column":6},"end":{"line":21,"column":null}},"4":{"start":{"line":23,"column":18},"end":{"line":23,"column":null}},"5":{"start":{"line":24,"column":4},"end":{"line":24,"column":null}},"6":{"start":{"line":24,"column":38},"end":{"line":24,"column":57}},"7":{"start":{"line":27,"column":2},"end":{"line":39,"column":null}},"8":{"start":{"line":31,"column":21},"end":{"line":31,"column":null}},"9":{"start":{"line":32,"column":6},"end":{"line":32,"column":null}},"10":{"start":{"line":36,"column":6},"end":{"line":36,"column":null}},"11":{"start":{"line":36,"column":30},"end":{"line":36,"column":null}},"12":{"start":{"line":37,"column":6},"end":{"line":37,"column":null}}},"fnMap":{"0":{"name":"createOllamaProvider","decl":{"start":{"line":8,"column":16},"end":{"line":8,"column":null}},"loc":{"start":{"line":11,"column":21},"end":{"line":40,"column":null}},"line":11},"1":{"name":"callOllama","decl":{"start":{"line":14,"column":17},"end":{"line":14,"column":28}},"loc":{"start":{"line":14,"column":70},"end":{"line":25,"column":null}},"line":14},"2":{"name":"(anonymous_2)","decl":{"start":{"line":24,"column":31},"end":{"line":24,"column":32}},"loc":{"start":{"line":24,"column":38},"end":{"line":24,"column":57}},"line":24},"3":{"name":"(anonymous_3)","decl":{"start":{"line":30,"column":10},"end":{"line":30,"column":16}},"loc":{"start":{"line":30,"column":53},"end":{"line":33,"column":null}},"line":30},"4":{"name":"(anonymous_4)","decl":{"start":{"line":35,"column":10},"end":{"line":35,"column":21}},"loc":{"start":{"line":35,"column":63},"end":{"line":38,"column":null}},"line":35}},"branchMap":{"0":{"loc":{"start":{"line":9,"column":2},"end":{"line":9,"column":null}},"type":"default-arg","locations":[{"start":{"line":9,"column":10},"end":{"line":9,"column":null}}],"line":9},"1":{"loc":{"start":{"line":10,"column":2},"end":{"line":10,"column":null}},"type":"default-arg","locations":[{"start":{"line":10,"column":12},"end":{"line":10,"column":null}}],"line":10},"2":{"loc":{"start":{"line":12,"column":21},"end":{"line":12,"column":null}},"type":"binary-expr","locations":[{"start":{"line":12,"column":21},"end":{"line":12,"column":48}},{"start":{"line":12,"column":48},"end":{"line":12,"column":null}}],"line":12},"3":{"loc":{"start":{"line":20,"column":4},"end":{"line":22,"column":null}},"type":"if","locations":[{"start":{"line":20,"column":4},"end":{"line":22,"column":null}},{"start":{},"end":{}}],"line":20},"4":{"loc":{"start":{"line":36,"column":6},"end":{"line":36,"column":null}},"type":"if","locations":[{"start":{"line":36,"column":6},"end":{"line":36,"column":null}},{"start":{},"end":{}}],"line":36}},"s":{"0":6,"1":2,"2":2,"3":1,"4":1,"5":1,"6":1,"7":6,"8":2,"9":1,"10":1,"11":1,"12":0},"f":{"0":6,"1":2,"2":1,"3":2,"4":1},"b":{"0":[6],"1":[6],"2":[6,1],"3":[1,1],"4":[1,0]},"meta":{"lastBranch":5,"lastFunction":5,"lastStatement":13,"seen":{"f:8:16:8:Infinity":0,"b:9:10:9:Infinity":0,"b:10:12:10:Infinity":1,"s:12:21:12:Infinity":0,"b:12:21:12:48:12:48:12:Infinity":2,"f:14:17:14:28":1,"s:15:16:19:Infinity":1,"b:20:4:22:Infinity:undefined:undefined:undefined:undefined":3,"s:20:4:22:Infinity":2,"s:21:6:21:Infinity":3,"s:23:18:23:Infinity":4,"s:24:4:24:Infinity":5,"f:24:31:24:32":2,"s:24:38:24:57":6,"s:27:2:39:Infinity":7,"f:30:10:30:16":3,"s:31:21:31:Infinity":8,"s:32:6:32:Infinity":9,"f:35:10:35:21":4,"b:36:6:36:Infinity:undefined:undefined:undefined:undefined":4,"s:36:6:36:Infinity":10,"s:36:30:36:Infinity":11,"s:37:6:37:Infinity":12}}}
,"/Users/chenli/mem-x/src/embedding/openai.ts": {"path":"/Users/chenli/mem-x/src/embedding/openai.ts","statementMap":{"0":{"start":{"line":10,"column":17},"end":{"line":13,"column":null}},"1":{"start":{"line":15,"column":21},"end":{"line":15,"column":null}},"2":{"start":{"line":17,"column":2},"end":{"line":40,"column":null}},"3":{"start":{"line":21,"column":18},"end":{"line":25,"column":null}},"4":{"start":{"line":26,"column":6},"end":{"line":26,"column":null}},"5":{"start":{"line":30,"column":6},"end":{"line":30,"column":null}},"6":{"start":{"line":30,"column":30},"end":{"line":30,"column":null}},"7":{"start":{"line":31,"column":18},"end":{"line":35,"column":null}},"8":{"start":{"line":36,"column":6},"end":{"line":38,"column":null}},"9":{"start":{"line":37,"column":24},"end":{"line":37,"column":41}},"10":{"start":{"line":38,"column":20},"end":{"line":38,"column":61}}},"fnMap":{"0":{"name":"createOpenAIProvider","decl":{"start":{"line":5,"column":16},"end":{"line":5,"column":null}},"loc":{"start":{"line":9,"column":21},"end":{"line":41,"column":null}},"line":9},"1":{"name":"(anonymous_1)","decl":{"start":{"line":20,"column":10},"end":{"line":20,"column":16}},"loc":{"start":{"line":20,"column":53},"end":{"line":27,"column":null}},"line":20},"2":{"name":"(anonymous_2)","decl":{"start":{"line":29,"column":10},"end":{"line":29,"column":21}},"loc":{"start":{"line":29,"column":63},"end":{"line":39,"column":null}},"line":29},"3":{"name":"(anonymous_3)","decl":{"start":{"line":37,"column":14},"end":{"line":37,"column":15}},"loc":{"start":{"line":37,"column":24},"end":{"line":37,"column":41}},"line":37},"4":{"name":"(anonymous_4)","decl":{"start":{"line":38,"column":13},"end":{"line":38,"column":14}},"loc":{"start":{"line":38,"column":20},"end":{"line":38,"column":61}},"line":38}},"branchMap":{"0":{"loc":{"start":{"line":7,"column":2},"end":{"line":7,"column":null}},"type":"default-arg","locations":[{"start":{"line":7,"column":10},"end":{"line":7,"column":null}}],"line":7},"1":{"loc":{"start":{"line":12,"column":8},"end":{"line":12,"column":null}},"type":"cond-expr","locations":[{"start":{"line":12,"column":18},"end":{"line":12,"column":41}},{"start":{"line":12,"column":41},"end":{"line":12,"column":null}}],"line":12},"2":{"loc":{"start":{"line":15,"column":21},"end":{"line":15,"column":null}},"type":"binary-expr","locations":[{"start":{"line":15,"column":21},"end":{"line":15,"column":48}},{"start":{"line":15,"column":48},"end":{"line":15,"column":null}}],"line":15},"3":{"loc":{"start":{"line":30,"column":6},"end":{"line":30,"column":null}},"type":"if","locations":[{"start":{"line":30,"column":6},"end":{"line":30,"column":null}},{"start":{},"end":{}}],"line":30}},"s":{"0":10,"1":10,"2":10,"3":1,"4":1,"5":2,"6":1,"7":1,"8":1,"9":1,"10":2},"f":{"0":10,"1":1,"2":2,"3":1,"4":2},"b":{"0":[10],"1":[2,8],"2":[10,1],"3":[1,1]},"meta":{"lastBranch":4,"lastFunction":5,"lastStatement":11,"seen":{"f:5:16:5:Infinity":0,"b:7:10:7:Infinity":0,"s:10:17:13:Infinity":0,"b:12:18:12:41:12:41:12:Infinity":1,"s:15:21:15:Infinity":1,"b:15:21:15:48:15:48:15:Infinity":2,"s:17:2:40:Infinity":2,"f:20:10:20:16":1,"s:21:18:25:Infinity":3,"s:26:6:26:Infinity":4,"f:29:10:29:21":2,"b:30:6:30:Infinity:undefined:undefined:undefined:undefined":3,"s:30:6:30:Infinity":5,"s:30:30:30:Infinity":6,"s:31:18:35:Infinity":7,"s:36:6:38:Infinity":8,"f:37:14:37:15":3,"s:37:24:37:41":9,"f:38:13:38:14":4,"s:38:20:38:61":10}}}
,"/Users/chenli/mem-x/src/embedding/provider.ts": {"path":"/Users/chenli/mem-x/src/embedding/provider.ts","statementMap":{"0":{"start":{"line":7,"column":56},"end":{"line":17,"column":null}},"1":{"start":{"line":19,"column":34},"end":{"line":19,"column":null}}},"fnMap":{},"branchMap":{},"s":{"0":2,"1":2},"f":{},"b":{},"meta":{"lastBranch":0,"lastFunction":0,"lastStatement":2,"seen":{"s:7:56:17:Infinity":0,"s:19:34:19:Infinity":1}}}
,"/Users/chenli/mem-x/src/memory/episodic.ts": {"path":"/Users/chenli/mem-x/src/memory/episodic.ts","statementMap":{"0":{"start":{"line":16,"column":8},"end":{"line":16,"column":null}},"1":{"start":{"line":17,"column":8},"end":{"line":17,"column":null}},"2":{"start":{"line":18,"column":20},"end":{"line":18,"column":null}},"3":{"start":{"line":19,"column":15},"end":{"line":19,"column":null}},"4":{"start":{"line":21,"column":2},"end":{"line":32,"column":null}},"5":{"start":{"line":34,"column":2},"end":{"line":34,"column":null}},"6":{"start":{"line":35,"column":2},"end":{"line":35,"column":null}},"7":{"start":{"line":39,"column":8},"end":{"line":39,"column":null}},"8":{"start":{"line":40,"column":14},"end":{"line":40,"column":null}},"9":{"start":{"line":43,"column":2},"end":{"line":43,"column":null}},"10":{"start":{"line":43,"column":12},"end":{"line":43,"column":null}},"11":{"start":{"line":44,"column":2},"end":{"line":48,"column":null}},"12":{"start":{"line":55,"column":8},"end":{"line":55,"column":null}},"13":{"start":{"line":56,"column":12},"end":{"line":56,"column":null}},"14":{"start":{"line":57,"column":28},"end":{"line":57,"column":null}},"15":{"start":{"line":58,"column":2},"end":{"line":61,"column":null}},"16":{"start":{"line":59,"column":4},"end":{"line":59,"column":null}},"17":{"start":{"line":60,"column":4},"end":{"line":60,"column":null}},"18":{"start":{"line":62,"column":2},"end":{"line":62,"column":null}},"19":{"start":{"line":63,"column":2},"end":{"line":66,"column":null}},"20":{"start":{"line":64,"column":4},"end":{"line":64,"column":null}},"21":{"start":{"line":65,"column":4},"end":{"line":65,"column":null}},"22":{"start":{"line":67,"column":15},"end":{"line":67,"column":null}},"23":{"start":{"line":68,"column":2},"end":{"line":72,"column":null}},"24":{"start":{"line":68,"column":26},"end":{"line":72,"column":4}},"25":{"start":{"line":76,"column":8},"end":{"line":76,"column":null}},"26":{"start":{"line":77,"column":17},"end":{"line":77,"column":null}},"27":{"start":{"line":78,"column":2},"end":{"line":81,"column":null}},"28":{"start":{"line":79,"column":4},"end":{"line":79,"column":null}},"29":{"start":{"line":80,"column":4},"end":{"line":80,"column":null}},"30":{"start":{"line":82,"column":2},"end":{"line":82,"column":null}}},"fnMap":{"0":{"name":"addEpisodic","decl":{"start":{"line":15,"column":22},"end":{"line":15,"column":34}},"loc":{"start":{"line":15,"column":84},"end":{"line":36,"column":null}},"line":15},"1":{"name":"getEpisodic","decl":{"start":{"line":38,"column":16},"end":{"line":38,"column":28}},"loc":{"start":{"line":38,"column":63},"end":{"line":49,"column":null}},"line":38},"2":{"name":"listEpisodic","decl":{"start":{"line":51,"column":16},"end":{"line":51,"column":29}},"loc":{"start":{"line":54,"column":21},"end":{"line":73,"column":null}},"line":54},"3":{"name":"(anonymous_3)","decl":{"start":{"line":68,"column":18},"end":{"line":68,"column":19}},"loc":{"start":{"line":68,"column":26},"end":{"line":72,"column":4}},"line":68},"4":{"name":"deleteEpisodic","decl":{"start":{"line":75,"column":22},"end":{"line":75,"column":37}},"loc":{"start":{"line":75,"column":67},"end":{"line":83,"column":null}},"line":75}},"branchMap":{"0":{"loc":{"start":{"line":18,"column":20},"end":{"line":18,"column":null}},"type":"binary-expr","locations":[{"start":{"line":18,"column":20},"end":{"line":18,"column":39}},{"start":{"line":18,"column":26},"end":{"line":18,"column":null}}],"line":18},"1":{"loc":{"start":{"line":19,"column":15},"end":{"line":19,"column":null}},"type":"binary-expr","locations":[{"start":{"line":19,"column":15},"end":{"line":19,"column":29}},{"start":{"line":19,"column":29},"end":{"line":19,"column":null}}],"line":19},"2":{"loc":{"start":{"line":27,"column":4},"end":{"line":27,"column":null}},"type":"binary-expr","locations":[{"start":{"line":27,"column":4},"end":{"line":27,"column":21}},{"start":{"line":27,"column":21},"end":{"line":27,"column":null}}],"line":27},"3":{"loc":{"start":{"line":29,"column":4},"end":{"line":29,"column":null}},"type":"binary-expr","locations":[{"start":{"line":29,"column":4},"end":{"line":29,"column":20}},{"start":{"line":29,"column":20},"end":{"line":29,"column":null}}],"line":29},"4":{"loc":{"start":{"line":31,"column":4},"end":{"line":31,"column":null}},"type":"binary-expr","locations":[{"start":{"line":31,"column":4},"end":{"line":31,"column":24}},{"start":{"line":31,"column":24},"end":{"line":31,"column":null}}],"line":31},"5":{"loc":{"start":{"line":43,"column":2},"end":{"line":43,"column":null}},"type":"if","locations":[{"start":{"line":43,"column":2},"end":{"line":43,"column":null}},{"start":{},"end":{}}],"line":43},"6":{"loc":{"start":{"line":58,"column":2},"end":{"line":61,"column":null}},"type":"if","locations":[{"start":{"line":58,"column":2},"end":{"line":61,"column":null}},{"start":{},"end":{}}],"line":58},"7":{"loc":{"start":{"line":63,"column":2},"end":{"line":66,"column":null}},"type":"if","locations":[{"start":{"line":63,"column":2},"end":{"line":66,"column":null}},{"start":{},"end":{}}],"line":63},"8":{"loc":{"start":{"line":78,"column":2},"end":{"line":81,"column":null}},"type":"if","locations":[{"start":{"line":78,"column":2},"end":{"line":81,"column":null}},{"start":{},"end":{}}],"line":78}},"s":{"0":52,"1":52,"2":52,"3":52,"4":52,"5":52,"6":52,"7":57,"8":57,"9":57,"10":3,"11":54,"12":9,"13":9,"14":9,"15":9,"16":1,"17":1,"18":9,"19":9,"20":8,"21":8,"22":9,"23":9,"24":4,"25":4,"26":4,"27":4,"28":3,"29":3,"30":1},"f":{"0":52,"1":57,"2":9,"3":4,"4":4},"b":{"0":[52,50],"1":[52,31],"2":[52,50],"3":[52,50],"4":[52,51],"5":[3,54],"6":[1,8],"7":[8,1],"8":[3,1]},"meta":{"lastBranch":9,"lastFunction":5,"lastStatement":31,"seen":{"f:15:22:15:34":0,"s:16:8:16:Infinity":0,"s:17:8:17:Infinity":1,"s:18:20:18:Infinity":2,"b:18:20:18:39:18:26:18:Infinity":0,"s:19:15:19:Infinity":3,"b:19:15:19:29:19:29:19:Infinity":1,"s:21:2:32:Infinity":4,"b:27:4:27:21:27:21:27:Infinity":2,"b:29:4:29:20:29:20:29:Infinity":3,"b:31:4:31:24:31:24:31:Infinity":4,"s:34:2:34:Infinity":5,"s:35:2:35:Infinity":6,"f:38:16:38:28":1,"s:39:8:39:Infinity":7,"s:40:14:40:Infinity":8,"b:43:2:43:Infinity:undefined:undefined:undefined:undefined":5,"s:43:2:43:Infinity":9,"s:43:12:43:Infinity":10,"s:44:2:48:Infinity":11,"f:51:16:51:29":2,"s:55:8:55:Infinity":12,"s:56:12:56:Infinity":13,"s:57:28:57:Infinity":14,"b:58:2:61:Infinity:undefined:undefined:undefined:undefined":6,"s:58:2:61:Infinity":15,"s:59:4:59:Infinity":16,"s:60:4:60:Infinity":17,"s:62:2:62:Infinity":18,"b:63:2:66:Infinity:undefined:undefined:undefined:undefined":7,"s:63:2:66:Infinity":19,"s:64:4:64:Infinity":20,"s:65:4:65:Infinity":21,"s:67:15:67:Infinity":22,"s:68:2:72:Infinity":23,"f:68:18:68:19":3,"s:68:26:72:4":24,"f:75:22:75:37":4,"s:76:8:76:Infinity":25,"s:77:17:77:Infinity":26,"b:78:2:81:Infinity:undefined:undefined:undefined:undefined":8,"s:78:2:81:Infinity":27,"s:79:4:79:Infinity":28,"s:80:4:80:Infinity":29,"s:82:2:82:Infinity":30}}}
,"/Users/chenli/mem-x/src/memory/helpers.ts": {"path":"/Users/chenli/mem-x/src/memory/helpers.ts","statementMap":{"0":{"start":{"line":6,"column":2},"end":{"line":6,"column":null}},"1":{"start":{"line":6,"column":13},"end":{"line":6,"column":null}},"2":{"start":{"line":7,"column":2},"end":{"line":11,"column":null}},"3":{"start":{"line":8,"column":4},"end":{"line":8,"column":null}},"4":{"start":{"line":10,"column":4},"end":{"line":10,"column":null}},"5":{"start":{"line":15,"column":2},"end":{"line":15,"column":null}},"6":{"start":{"line":19,"column":2},"end":{"line":30,"column":null}},"7":{"start":{"line":21,"column":6},"end":{"line":21,"column":null}},"8":{"start":{"line":23,"column":6},"end":{"line":23,"column":null}},"9":{"start":{"line":25,"column":6},"end":{"line":25,"column":null}},"10":{"start":{"line":27,"column":6},"end":{"line":29,"column":null}},"11":{"start":{"line":38,"column":8},"end":{"line":38,"column":null}},"12":{"start":{"line":39,"column":20},"end":{"line":39,"column":null}},"13":{"start":{"line":40,"column":8},"end":{"line":40,"column":null}},"14":{"start":{"line":41,"column":2},"end":{"line":43,"column":null}},"15":{"start":{"line":47,"column":8},"end":{"line":47,"column":null}},"16":{"start":{"line":48,"column":2},"end":{"line":48,"column":null}},"17":{"start":{"line":55,"column":15},"end":{"line":55,"column":null}},"18":{"start":{"line":56,"column":2},"end":{"line":56,"column":null}},"19":{"start":{"line":56,"column":22},"end":{"line":56,"column":null}},"20":{"start":{"line":57,"column":2},"end":{"line":57,"column":null}},"21":{"start":{"line":57,"column":25},"end":{"line":57,"column":null}},"22":{"start":{"line":58,"column":2},"end":{"line":58,"column":null}},"23":{"start":{"line":58,"column":26},"end":{"line":58,"column":null}},"24":{"start":{"line":59,"column":2},"end":{"line":59,"column":null}},"25":{"start":{"line":59,"column":26},"end":{"line":59,"column":null}},"26":{"start":{"line":60,"column":2},"end":{"line":60,"column":null}}},"fnMap":{"0":{"name":"parseTags","decl":{"start":{"line":5,"column":16},"end":{"line":5,"column":26}},"loc":{"start":{"line":5,"column":57},"end":{"line":12,"column":null}},"line":5},"1":{"name":"serializeTags","decl":{"start":{"line":14,"column":16},"end":{"line":14,"column":30}},"loc":{"start":{"line":14,"column":54},"end":{"line":16,"column":null}},"line":14},"2":{"name":"toEmbeddingText","decl":{"start":{"line":18,"column":16},"end":{"line":18,"column":32}},"loc":{"start":{"line":18,"column":90},"end":{"line":31,"column":null}},"line":18},"3":{"name":"insertVec","decl":{"start":{"line":33,"column":22},"end":{"line":33,"column":null}},"loc":{"start":{"line":37,"column":17},"end":{"line":44,"column":null}},"line":37},"4":{"name":"deleteVec","decl":{"start":{"line":46,"column":22},"end":{"line":46,"column":32}},"loc":{"start":{"line":46,"column":85},"end":{"line":49,"column":null}},"line":46},"5":{"name":"hydrateRow","decl":{"start":{"line":51,"column":16},"end":{"line":51,"column":null}},"loc":{"start":{"line":54,"column":13},"end":{"line":61,"column":null}},"line":54}},"branchMap":{"0":{"loc":{"start":{"line":6,"column":2},"end":{"line":6,"column":null}},"type":"if","locations":[{"start":{"line":6,"column":2},"end":{"line":6,"column":null}},{"start":{},"end":{}}],"line":6},"1":{"loc":{"start":{"line":19,"column":2},"end":{"line":30,"column":null}},"type":"switch","locations":[{"start":{"line":20,"column":4},"end":{"line":21,"column":null}},{"start":{"line":22,"column":4},"end":{"line":23,"column":null}},{"start":{"line":24,"column":4},"end":{"line":25,"column":null}},{"start":{"line":26,"column":4},"end":{"line":29,"column":null}}],"line":19},"2":{"loc":{"start":{"line":21,"column":20},"end":{"line":21,"column":37}},"type":"binary-expr","locations":[{"start":{"line":21,"column":20},"end":{"line":21,"column":35}},{"start":{"line":21,"column":35},"end":{"line":21,"column":37}}],"line":21},"3":{"loc":{"start":{"line":56,"column":2},"end":{"line":56,"column":null}},"type":"if","locations":[{"start":{"line":56,"column":2},"end":{"line":56,"column":null}},{"start":{},"end":{}}],"line":56},"4":{"loc":{"start":{"line":57,"column":2},"end":{"line":57,"column":null}},"type":"if","locations":[{"start":{"line":57,"column":2},"end":{"line":57,"column":null}},{"start":{},"end":{}}],"line":57},"5":{"loc":{"start":{"line":58,"column":2},"end":{"line":58,"column":null}},"type":"if","locations":[{"start":{"line":58,"column":2},"end":{"line":58,"column":null}},{"start":{},"end":{}}],"line":58},"6":{"loc":{"start":{"line":59,"column":2},"end":{"line":59,"column":null}},"type":"if","locations":[{"start":{"line":59,"column":2},"end":{"line":59,"column":null}},{"start":{},"end":{}}],"line":59}},"s":{"0":254,"1":2,"2":252,"3":252,"4":1,"5":139,"6":141,"7":31,"8":54,"9":31,"10":25,"11":137,"12":137,"13":137,"14":137,"15":10,"16":10,"17":42,"18":42,"19":36,"20":42,"21":10,"22":42,"23":25,"24":42,"25":6,"26":42},"f":{"0":254,"1":139,"2":141,"3":137,"4":10,"5":42},"b":{"0":[2,252],"1":[31,54,31,25],"2":[31,0],"3":[36,6],"4":[10,32],"5":[25,17],"6":[6,36]},"meta":{"lastBranch":7,"lastFunction":6,"lastStatement":27,"seen":{"f:5:16:5:26":0,"b:6:2:6:Infinity:undefined:undefined:undefined:undefined":0,"s:6:2:6:Infinity":0,"s:6:13:6:Infinity":1,"s:7:2:11:Infinity":2,"s:8:4:8:Infinity":3,"s:10:4:10:Infinity":4,"f:14:16:14:30":1,"s:15:2:15:Infinity":5,"f:18:16:18:32":2,"b:20:4:21:Infinity:22:4:23:Infinity:24:4:25:Infinity:26:4:29:Infinity":1,"s:19:2:30:Infinity":6,"s:21:6:21:Infinity":7,"b:21:20:21:35:21:35:21:37":2,"s:23:6:23:Infinity":8,"s:25:6:25:Infinity":9,"s:27:6:29:Infinity":10,"f:33:22:33:Infinity":3,"s:38:8:38:Infinity":11,"s:39:20:39:Infinity":12,"s:40:8:40:Infinity":13,"s:41:2:43:Infinity":14,"f:46:22:46:32":4,"s:47:8:47:Infinity":15,"s:48:2:48:Infinity":16,"f:51:16:51:Infinity":5,"s:55:15:55:Infinity":17,"b:56:2:56:Infinity:undefined:undefined:undefined:undefined":3,"s:56:2:56:Infinity":18,"s:56:22:56:Infinity":19,"b:57:2:57:Infinity:undefined:undefined:undefined:undefined":4,"s:57:2:57:Infinity":20,"s:57:25:57:Infinity":21,"b:58:2:58:Infinity:undefined:undefined:undefined:undefined":5,"s:58:2:58:Infinity":22,"s:58:26:58:Infinity":23,"b:59:2:59:Infinity:undefined:undefined:undefined:undefined":6,"s:59:2:59:Infinity":24,"s:59:26:59:Infinity":25,"s:60:2:60:Infinity":26}}}
,"/Users/chenli/mem-x/src/memory/recall.ts": {"path":"/Users/chenli/mem-x/src/memory/recall.ts","statementMap":{"0":{"start":{"line":17,"column":2},"end":{"line":23,"column":null}},"1":{"start":{"line":27,"column":13},"end":{"line":27,"column":null}},"2":{"start":{"line":28,"column":13},"end":{"line":28,"column":null}},"3":{"start":{"line":29,"column":2},"end":{"line":29,"column":null}},"4":{"start":{"line":29,"column":14},"end":{"line":29,"column":null}},"5":{"start":{"line":30,"column":15},"end":{"line":30,"column":null}},"6":{"start":{"line":31,"column":2},"end":{"line":31,"column":null}},"7":{"start":{"line":31,"column":17},"end":{"line":31,"column":null}},"8":{"start":{"line":32,"column":16},"end":{"line":32,"column":null}},"9":{"start":{"line":33,"column":2},"end":{"line":33,"column":null}},"10":{"start":{"line":33,"column":18},"end":{"line":33,"column":null}},"11":{"start":{"line":34,"column":2},"end":{"line":34,"column":null}},"12":{"start":{"line":38,"column":29},"end":{"line":38,"column":null}},"13":{"start":{"line":40,"column":2},"end":{"line":46,"column":null}},"14":{"start":{"line":41,"column":18},"end":{"line":41,"column":null}},"15":{"start":{"line":42,"column":4},"end":{"line":44,"column":null}},"16":{"start":{"line":43,"column":6},"end":{"line":43,"column":null}},"17":{"start":{"line":45,"column":4},"end":{"line":45,"column":null}},"18":{"start":{"line":48,"column":2},"end":{"line":55,"column":null}},"19":{"start":{"line":49,"column":18},"end":{"line":49,"column":null}},"20":{"start":{"line":50,"column":4},"end":{"line":53,"column":null}},"21":{"start":{"line":51,"column":17},"end":{"line":51,"column":null}},"22":{"start":{"line":52,"column":6},"end":{"line":52,"column":null}},"23":{"start":{"line":54,"column":4},"end":{"line":54,"column":null}},"24":{"start":{"line":57,"column":2},"end":{"line":63,"column":null}},"25":{"start":{"line":58,"column":18},"end":{"line":58,"column":null}},"26":{"start":{"line":59,"column":4},"end":{"line":61,"column":null}},"27":{"start":{"line":60,"column":6},"end":{"line":60,"column":null}},"28":{"start":{"line":62,"column":4},"end":{"line":62,"column":null}},"29":{"start":{"line":65,"column":2},"end":{"line":71,"column":null}},"30":{"start":{"line":66,"column":18},"end":{"line":66,"column":null}},"31":{"start":{"line":67,"column":4},"end":{"line":69,"column":null}},"32":{"start":{"line":68,"column":6},"end":{"line":68,"column":null}},"33":{"start":{"line":70,"column":4},"end":{"line":70,"column":null}},"34":{"start":{"line":73,"column":2},"end":{"line":80,"column":null}},"35":{"start":{"line":74,"column":18},"end":{"line":74,"column":null}},"36":{"start":{"line":75,"column":4},"end":{"line":78,"column":null}},"37":{"start":{"line":76,"column":21},"end":{"line":76,"column":null}},"38":{"start":{"line":77,"column":6},"end":{"line":77,"column":null}},"39":{"start":{"line":79,"column":4},"end":{"line":79,"column":null}},"40":{"start":{"line":82,"column":2},"end":{"line":84,"column":null}}},"fnMap":{"0":{"name":"recall","decl":{"start":{"line":16,"column":16},"end":{"line":16,"column":23}},"loc":{"start":{"line":16,"column":50},"end":{"line":24,"column":null}},"line":16},"1":{"name":"relTime","decl":{"start":{"line":26,"column":9},"end":{"line":26,"column":17}},"loc":{"start":{"line":26,"column":38},"end":{"line":35,"column":null}},"line":26},"2":{"name":"formatRecall","decl":{"start":{"line":37,"column":16},"end":{"line":37,"column":29}},"loc":{"start":{"line":37,"column":57},"end":{"line":85,"column":null}},"line":37}},"branchMap":{"0":{"loc":{"start":{"line":16,"column":23},"end":{"line":16,"column":50}},"type":"default-arg","locations":[{"start":{"line":16,"column":31},"end":{"line":16,"column":50}}],"line":16},"1":{"loc":{"start":{"line":27,"column":22},"end":{"line":27,"column":75}},"type":"cond-expr","locations":[{"start":{"line":27,"column":42},"end":{"line":27,"column":48}},{"start":{"line":27,"column":48},"end":{"line":27,"column":75}}],"line":27},"2":{"loc":{"start":{"line":29,"column":2},"end":{"line":29,"column":null}},"type":"if","locations":[{"start":{"line":29,"column":2},"end":{"line":29,"column":null}},{"start":{},"end":{}}],"line":29},"3":{"loc":{"start":{"line":31,"column":2},"end":{"line":31,"column":null}},"type":"if","locations":[{"start":{"line":31,"column":2},"end":{"line":31,"column":null}},{"start":{},"end":{}}],"line":31},"4":{"loc":{"start":{"line":33,"column":2},"end":{"line":33,"column":null}},"type":"if","locations":[{"start":{"line":33,"column":2},"end":{"line":33,"column":null}},{"start":{},"end":{}}],"line":33},"5":{"loc":{"start":{"line":40,"column":2},"end":{"line":46,"column":null}},"type":"if","locations":[{"start":{"line":40,"column":2},"end":{"line":46,"column":null}},{"start":{},"end":{}}],"line":40},"6":{"loc":{"start":{"line":48,"column":2},"end":{"line":55,"column":null}},"type":"if","locations":[{"start":{"line":48,"column":2},"end":{"line":55,"column":null}},{"start":{},"end":{}}],"line":48},"7":{"loc":{"start":{"line":51,"column":17},"end":{"line":51,"column":null}},"type":"cond-expr","locations":[{"start":{"line":51,"column":30},"end":{"line":51,"column":60}},{"start":{"line":51,"column":60},"end":{"line":51,"column":null}}],"line":51},"8":{"loc":{"start":{"line":57,"column":2},"end":{"line":63,"column":null}},"type":"if","locations":[{"start":{"line":57,"column":2},"end":{"line":63,"column":null}},{"start":{},"end":{}}],"line":57},"9":{"loc":{"start":{"line":65,"column":2},"end":{"line":71,"column":null}},"type":"if","locations":[{"start":{"line":65,"column":2},"end":{"line":71,"column":null}},{"start":{},"end":{}}],"line":65},"10":{"loc":{"start":{"line":73,"column":2},"end":{"line":80,"column":null}},"type":"if","locations":[{"start":{"line":73,"column":2},"end":{"line":80,"column":null}},{"start":{},"end":{}}],"line":73},"11":{"loc":{"start":{"line":76,"column":21},"end":{"line":76,"column":null}},"type":"cond-expr","locations":[{"start":{"line":76,"column":32},"end":{"line":76,"column":51}},{"start":{"line":76,"column":51},"end":{"line":76,"column":null}}],"line":76},"12":{"loc":{"start":{"line":82,"column":9},"end":{"line":84,"column":null}},"type":"cond-expr","locations":[{"start":{"line":83,"column":6},"end":{"line":83,"column":null}},{"start":{"line":84,"column":6},"end":{"line":84,"column":null}}],"line":82}},"s":{"0":7,"1":2,"2":2,"3":2,"4":0,"5":2,"6":2,"7":2,"8":0,"9":0,"10":0,"11":0,"12":3,"13":3,"14":2,"15":2,"16":2,"17":2,"18":3,"19":1,"20":1,"21":1,"22":1,"23":1,"24":3,"25":1,"26":1,"27":1,"28":1,"29":3,"30":1,"31":1,"32":1,"33":1,"34":3,"35":1,"36":1,"37":1,"38":1,"39":1,"40":3},"f":{"0":7,"1":2,"2":3},"b":{"0":[7],"1":[1,1],"2":[0,2],"3":[2,0],"4":[0,0],"5":[2,1],"6":[1,2],"7":[0,1],"8":[1,2],"9":[1,2],"10":[1,2],"11":[1,0],"12":[2,1]},"meta":{"lastBranch":13,"lastFunction":3,"lastStatement":41,"seen":{"f:16:16:16:23":0,"b:16:31:16:50":0,"s:17:2:23:Infinity":0,"f:26:9:26:17":1,"s:27:13:27:Infinity":1,"b:27:42:27:48:27:48:27:75":1,"s:28:13:28:Infinity":2,"b:29:2:29:Infinity:undefined:undefined:undefined:undefined":2,"s:29:2:29:Infinity":3,"s:29:14:29:Infinity":4,"s:30:15:30:Infinity":5,"b:31:2:31:Infinity:undefined:undefined:undefined:undefined":3,"s:31:2:31:Infinity":6,"s:31:17:31:Infinity":7,"s:32:16:32:Infinity":8,"b:33:2:33:Infinity:undefined:undefined:undefined:undefined":4,"s:33:2:33:Infinity":9,"s:33:18:33:Infinity":10,"s:34:2:34:Infinity":11,"f:37:16:37:29":2,"s:38:29:38:Infinity":12,"b:40:2:46:Infinity:undefined:undefined:undefined:undefined":5,"s:40:2:46:Infinity":13,"s:41:18:41:Infinity":14,"s:42:4:44:Infinity":15,"s:43:6:43:Infinity":16,"s:45:4:45:Infinity":17,"b:48:2:55:Infinity:undefined:undefined:undefined:undefined":6,"s:48:2:55:Infinity":18,"s:49:18:49:Infinity":19,"s:50:4:53:Infinity":20,"s:51:17:51:Infinity":21,"b:51:30:51:60:51:60:51:Infinity":7,"s:52:6:52:Infinity":22,"s:54:4:54:Infinity":23,"b:57:2:63:Infinity:undefined:undefined:undefined:undefined":8,"s:57:2:63:Infinity":24,"s:58:18:58:Infinity":25,"s:59:4:61:Infinity":26,"s:60:6:60:Infinity":27,"s:62:4:62:Infinity":28,"b:65:2:71:Infinity:undefined:undefined:undefined:undefined":9,"s:65:2:71:Infinity":29,"s:66:18:66:Infinity":30,"s:67:4:69:Infinity":31,"s:68:6:68:Infinity":32,"s:70:4:70:Infinity":33,"b:73:2:80:Infinity:undefined:undefined:undefined:undefined":10,"s:73:2:80:Infinity":34,"s:74:18:74:Infinity":35,"s:75:4:78:Infinity":36,"s:76:21:76:Infinity":37,"b:76:32:76:51:76:51:76:Infinity":11,"s:77:6:77:Infinity":38,"s:79:4:79:Infinity":39,"s:82:2:84:Infinity":40,"b:83:6:83:Infinity:84:6:84:Infinity":12}}}
,"/Users/chenli/mem-x/src/memory/rules.ts": {"path":"/Users/chenli/mem-x/src/memory/rules.ts","statementMap":{"0":{"start":{"line":15,"column":8},"end":{"line":15,"column":null}},"1":{"start":{"line":16,"column":8},"end":{"line":16,"column":null}},"2":{"start":{"line":18,"column":2},"end":{"line":28,"column":null}},"3":{"start":{"line":30,"column":2},"end":{"line":30,"column":null}},"4":{"start":{"line":31,"column":2},"end":{"line":31,"column":null}},"5":{"start":{"line":35,"column":8},"end":{"line":35,"column":null}},"6":{"start":{"line":36,"column":14},"end":{"line":36,"column":null}},"7":{"start":{"line":39,"column":2},"end":{"line":39,"column":null}},"8":{"start":{"line":39,"column":12},"end":{"line":39,"column":null}},"9":{"start":{"line":40,"column":2},"end":{"line":40,"column":null}},"10":{"start":{"line":44,"column":8},"end":{"line":44,"column":null}},"11":{"start":{"line":45,"column":12},"end":{"line":45,"column":null}},"12":{"start":{"line":46,"column":28},"end":{"line":46,"column":null}},"13":{"start":{"line":47,"column":2},"end":{"line":50,"column":null}},"14":{"start":{"line":48,"column":4},"end":{"line":48,"column":null}},"15":{"start":{"line":49,"column":4},"end":{"line":49,"column":null}},"16":{"start":{"line":51,"column":15},"end":{"line":51,"column":null}},"17":{"start":{"line":52,"column":2},"end":{"line":55,"column":null}},"18":{"start":{"line":52,"column":26},"end":{"line":55,"column":4}},"19":{"start":{"line":59,"column":8},"end":{"line":59,"column":null}},"20":{"start":{"line":60,"column":17},"end":{"line":60,"column":null}},"21":{"start":{"line":61,"column":2},"end":{"line":64,"column":null}},"22":{"start":{"line":62,"column":4},"end":{"line":62,"column":null}},"23":{"start":{"line":63,"column":4},"end":{"line":63,"column":null}},"24":{"start":{"line":65,"column":2},"end":{"line":65,"column":null}}},"fnMap":{"0":{"name":"addRule","decl":{"start":{"line":14,"column":22},"end":{"line":14,"column":30}},"loc":{"start":{"line":14,"column":72},"end":{"line":32,"column":null}},"line":14},"1":{"name":"getRule","decl":{"start":{"line":34,"column":16},"end":{"line":34,"column":24}},"loc":{"start":{"line":34,"column":55},"end":{"line":41,"column":null}},"line":34},"2":{"name":"listRules","decl":{"start":{"line":43,"column":16},"end":{"line":43,"column":26}},"loc":{"start":{"line":43,"column":67},"end":{"line":56,"column":null}},"line":43},"3":{"name":"(anonymous_3)","decl":{"start":{"line":52,"column":18},"end":{"line":52,"column":19}},"loc":{"start":{"line":52,"column":26},"end":{"line":55,"column":4}},"line":52},"4":{"name":"deleteRule","decl":{"start":{"line":58,"column":22},"end":{"line":58,"column":33}},"loc":{"start":{"line":58,"column":63},"end":{"line":66,"column":null}},"line":58}},"branchMap":{"0":{"loc":{"start":{"line":25,"column":4},"end":{"line":25,"column":null}},"type":"binary-expr","locations":[{"start":{"line":25,"column":4},"end":{"line":25,"column":20}},{"start":{"line":25,"column":20},"end":{"line":25,"column":null}}],"line":25},"1":{"loc":{"start":{"line":26,"column":4},"end":{"line":26,"column":null}},"type":"binary-expr","locations":[{"start":{"line":26,"column":4},"end":{"line":26,"column":20}},{"start":{"line":26,"column":20},"end":{"line":26,"column":null}}],"line":26},"2":{"loc":{"start":{"line":27,"column":4},"end":{"line":27,"column":null}},"type":"binary-expr","locations":[{"start":{"line":27,"column":4},"end":{"line":27,"column":24}},{"start":{"line":27,"column":24},"end":{"line":27,"column":null}}],"line":27},"3":{"loc":{"start":{"line":39,"column":2},"end":{"line":39,"column":null}},"type":"if","locations":[{"start":{"line":39,"column":2},"end":{"line":39,"column":null}},{"start":{},"end":{}}],"line":39},"4":{"loc":{"start":{"line":47,"column":2},"end":{"line":50,"column":null}},"type":"if","locations":[{"start":{"line":47,"column":2},"end":{"line":50,"column":null}},{"start":{},"end":{}}],"line":47},"5":{"loc":{"start":{"line":61,"column":2},"end":{"line":64,"column":null}},"type":"if","locations":[{"start":{"line":61,"column":2},"end":{"line":64,"column":null}},{"start":{},"end":{}}],"line":61}},"s":{"0":24,"1":24,"2":24,"3":24,"4":24,"5":27,"6":27,"7":27,"8":1,"9":26,"10":8,"11":8,"12":8,"13":8,"14":8,"15":8,"16":8,"17":8,"18":4,"19":3,"20":3,"21":3,"22":2,"23":2,"24":1},"f":{"0":24,"1":27,"2":8,"3":4,"4":3},"b":{"0":[24,23],"1":[24,24],"2":[24,23],"3":[1,26],"4":[8,0],"5":[2,1]},"meta":{"lastBranch":6,"lastFunction":5,"lastStatement":25,"seen":{"f:14:22:14:30":0,"s:15:8:15:Infinity":0,"s:16:8:16:Infinity":1,"s:18:2:28:Infinity":2,"b:25:4:25:20:25:20:25:Infinity":0,"b:26:4:26:20:26:20:26:Infinity":1,"b:27:4:27:24:27:24:27:Infinity":2,"s:30:2:30:Infinity":3,"s:31:2:31:Infinity":4,"f:34:16:34:24":1,"s:35:8:35:Infinity":5,"s:36:14:36:Infinity":6,"b:39:2:39:Infinity:undefined:undefined:undefined:undefined":3,"s:39:2:39:Infinity":7,"s:39:12:39:Infinity":8,"s:40:2:40:Infinity":9,"f:43:16:43:26":2,"s:44:8:44:Infinity":10,"s:45:12:45:Infinity":11,"s:46:28:46:Infinity":12,"b:47:2:50:Infinity:undefined:undefined:undefined:undefined":4,"s:47:2:50:Infinity":13,"s:48:4:48:Infinity":14,"s:49:4:49:Infinity":15,"s:51:15:51:Infinity":16,"s:52:2:55:Infinity":17,"f:52:1
[...]
:8,"column":9},"end":{"line":8,"column":26}},"loc":{"start":{"line":8,"column":62},"end":{"line":12,"column":null}},"line":8},"1":{"name":"addShortTerm","decl":{"start":{"line":22,"column":22},"end":{"line":22,"column":35}},"loc":{"start":{"line":22,"column":87},"end":{"line":40,"column":null}},"line":22},"2":{"name":"getShortTerm","decl":{"start":{"line":42,"column":16},"end":{"line":42,"column":29}},"loc":{"start":{"line":42,"column":65},"end":{"line":53,"column":null}},"line":42},"3":{"name":"listShortTerm","decl":{"start":{"line":55,"column":16},"end":{"line":55,"column":30}},"loc":{"start":{"line":58,"column":22},"end":{"line":77,"column":null}},"line":58},"4":{"name":"(anonymous_4)","decl":{"start":{"line":72,"column":18},"end":{"line":72,"column":19}},"loc":{"start":{"line":72,"column":26},"end":{"line":76,"column":4}},"line":72},"5":{"name":"deleteShortTerm","decl":{"start":{"line":79,"column":22},"end":{"line":79,"column":38}},"loc":{"start":{"line":79,"column":68},"end":{"line":87,"column":null}},"line":79},"6":{"name":"markPromoted","decl":{"start":{"line":89,"column":16},"end":{"line":89,"column":29}},"loc":{"start":{"line":89,"column":50},"end":{"line":95,"column":null}},"line":89},"7":{"name":"purgeExpired","decl":{"start":{"line":97,"column":16},"end":{"line":97,"column":39}},"loc":{"start":{"line":97,"column":39},"end":{"line":111,"column":null}},"line":97}},"branchMap":{"0":{"loc":{"start":{"line":8,"column":26},"end":{"line":8,"column":62}},"type":"default-arg","locations":[{"start":{"line":8,"column":36},"end":{"line":8,"column":62}}],"line":8},"1":{"loc":{"start":{"line":32,"column":4},"end":{"line":32,"column":null}},"type":"binary-expr","locations":[{"start":{"line":32,"column":4},"end":{"line":32,"column":28}},{"start":{"line":32,"column":28},"end":{"line":32,"column":null}}],"line":32},"2":{"loc":{"start":{"line":33,"column":18},"end":{"line":33,"column":34}},"type":"binary-expr","locations":[{"start":{"line":33,"column":18},"end":{"line":33,"column":32}},{"start":{"line":33,"column":32},"end":{"line":33,"column":34}}],"line":33},"3":{"loc":{"start":{"line":34,"column":4},"end":{"line":34,"column":null}},"type":"binary-expr","locations":[{"start":{"line":34,"column":4},"end":{"line":34,"column":24}},{"start":{"line":34,"column":24},"end":{"line":34,"column":null}}],"line":34},"4":{"loc":{"start":{"line":47,"column":2},"end":{"line":47,"column":null}},"type":"if","locations":[{"start":{"line":47,"column":2},"end":{"line":47,"column":null}},{"start":{},"end":{}}],"line":47},"5":{"loc":{"start":{"line":60,"column":25},"end":{"line":60,"column":null}},"type":"binary-expr","locations":[{"start":{"line":60,"column":25},"end":{"line":60,"column":50}},{"start":{"line":60,"column":50},"end":{"line":60,"column":null}}],"line":60},"6":{"loc":{"start":{"line":62,"column":2},"end":{"line":64,"column":null}},"type":"if","locations":[{"start":{"line":62,"column":2},"end":{"line":64,"column":null}},{"start":{},"end":{}}],"line":62},"7":{"loc":{"start":{"line":67,"column":2},"end":{"line":70,"column":null}},"type":"if","locations":[{"start":{"line":67,"column":2},"end":{"line":70,"column":null}},{"start":{},"end":{}}],"line":67},"8":{"loc":{"start":{"line":82,"column":2},"end":{"line":85,"column":null}},"type":"if","locations":[{"start":{"line":82,"column":2},"end":{"line":85,"column":null}},{"start":{},"end":{}}],"line":82}},"s":{"0":4,"1":30,"2":30,"3":30,"4":30,"5":30,"6":30,"7":30,"8":30,"9":35,"10":35,"11":35,"12":2,"13":33,"14":11,"15":11,"16":11,"17":11,"18":10,"19":11,"20":11,"21":11,"22":8,"23":8,"24":11,"25":11,"26":9,"27":3,"28":3,"29":3,"30":2,"31":2,"32":1,"33":3,"34":3,"35":3,"36":1,"37":1,"38":1,"39":1,"40":1,"41":1},"f":{"0":30,"1":30,"2":35,"3":11,"4":9,"5":3,"6":3,"7":1},"b":{"0":[30],"1":[30,30],"2":[30,29],"3":[30,29],"4":[2,33],"5":[11,10],"6":[10,1],"7":[8,3],"8":[2,1]},"meta":{"lastBranch":9,"lastFunction":8,"lastStatement":42,"seen":{"s:6:25:6:Infinity":0,"f:8:9:8:26":0,"b:8:36:8:62":0,"s:9:12:9:Infinity":1,"s:10:2:10:Infinity":2,"s:11:2:11:Infinity":3,"f:22:22:22:35":1,"s:23:8:23:Infinity":4,"s:24:8:24:Infinity":5,"s:26:2:36:Infinity":6,"b:32:4:32:28:32:28:32:Infinity":1,"b:33:18:33:32:33:32:33:34":2,"b:34:4:34:24:34:24:34:Infinity":3,"s:38:2:38:Infinity":7,"s:39:2:39:Infinity":8,"f:42:16:42:29":2,"s:43:8:43:Infinity":9,"s:44:14:44:Infinity":10,"b:47:2:47:Infinity:undefined:undefined:undefined:undefined":4,"s:47:2:47:Infinity":11,"s:47:12:47:Infinity":12,"s:48:2:52:Infinity":13,"f:55:16:55:30":3,"s:59:8:59:Infinity":14,"s:60:25:60:Infinity":15,"b:60:25:60:50:60:50:60:Infinity":5,"s:61:12:61:Infinity":16,"b:62:2:64:Infinity:undefined:undefined:undefined:undefined":6,"s:62:2:64:Infinity":17,"s:63:4:63:Infinity":18,"s:65:2:65:Infinity":19,"s:66:28:66:Infinity":20,"b:67:2:70:Infinity:undefined:undefined:undefined:undefined":7,"s:67:2:70:Infinity":21,"s:68:4:68:Infinity":22,"s:69:4:69:Infinity":23,"s:71:15:71:Infinity":24,"s:72:2:76:Infinity":25,"f:72:18:72:19":4,"s:72:26:76:4":26,"f:79:22:79:38":5,"s:80:8:80:Infinity":27,"s:81:17:81:Infinity":28,"b:82:2:85:Infinity:undefined:undefined:undefined:undefined":8,"s:82:2:85:Infinity":29,"s:83:4:83:Infinity":30,"s:84:4:84:Infinity":31,"s:86:2:86:Infinity":32,"f:89:16:89:29":6,"s:90:8:90:Infinity":33,"s:91:17:93:Infinity":34,"s:94:2:94:Infinity":35,"f:97:16:97:39":7,"s:98:8:98:Infinity":36,"s:99:18:101:Infinity":37,"s:103:2:105:Infinity":38,"s:104:4:104:Infinity":39,"s:107:17:109:Infinity":40,"s:110:2:110:Infinity":41}}}
,"/Users/chenli/mem-x/src/memory/store.ts": {"path":"/Users/chenli/mem-x/src/memory/store.ts","statementMap":{"0":{"start":{"line":23,"column":2},"end":{"line":32,"column":null}},"1":{"start":{"line":25,"column":6},"end":{"line":25,"column":null}},"2":{"start":{"line":27,"column":6},"end":{"line":27,"column":null}},"3":{"start":{"line":29,"column":6},"end":{"line":29,"column":null}},"4":{"start":{"line":31,"column":6},"end":{"line":31,"column":null}},"5":{"start":{"line":36,"column":2},"end":{"line":45,"column":null}},"6":{"start":{"line":38,"column":6},"end":{"line":38,"column":null}},"7":{"start":{"line":40,"column":6},"end":{"line":40,"column":null}},"8":{"start":{"line":42,"column":6},"end":{"line":42,"column":null}},"9":{"start":{"line":44,"column":6},"end":{"line":44,"column":null}}},"fnMap":{"0":{"name":"getMemory","decl":{"start":{"line":22,"column":16},"end":{"line":22,"column":26}},"loc":{"start":{"line":22,"column":76},"end":{"line":33,"column":null}},"line":22},"1":{"name":"deleteMemory","decl":{"start":{"line":35,"column":22},"end":{"line":35,"column":35}},"loc":{"start":{"line":35,"column":85},"end":{"line":46,"column":null}},"line":35}},"branchMap":{"0":{"loc":{"start":{"line":23,"column":2},"end":{"line":32,"column":null}},"type":"switch","locations":[{"start":{"line":24,"column":4},"end":{"line":25,"column":null}},{"start":{"line":26,"column":4},"end":{"line":27,"column":null}},{"start":{"line":28,"column":4},"end":{"line":29,"column":null}},{"start":{"line":30,"column":4},"end":{"line":31,"column":null}}],"line":23},"1":{"loc":{"start":{"line":36,"column":2},"end":{"line":45,"column":null}},"type":"switch","locations":[{"start":{"line":37,"column":4},"end":{"line":38,"column":null}},{"start":{"line":39,"column":4},"end":{"line":40,"column":null}},{"start":{"line":41,"column":4},"end":{"line":42,"column":null}},{"start":{"line":43,"column":4},"end":{"line":44,"column":null}}],"line":36}},"s":{"0":5,"1":1,"2":2,"3":1,"4":1,"5":5,"6":1,"7":2,"8":1,"9":1},"f":{"0":5,"1":5},"b":{"0":[1,2,1,1],"1":[1,2,1,1]},"meta":{"lastBranch":2,"lastFunction":2,"lastStatement":10,"seen":{"f:22:16:22:26":0,"b:24:4:25:Infinity:26:4:27:Infinity:28:4:29:Infinity:30:4:31:Infinity":0,"s:23:2:32:Infinity":0,"s:25:6:25:Infinity":1,"s:27:6:27:Infinity":2,"s:29:6:29:Infinity":3,"s:31:6:31:Infinity":4,"f:35:22:35:35":1,"b:37:4:38:Infinity:39:4:40:Infinity:41:4:42:Infinity:43:4:44:Infinity":1,"s:36:2:45:Infinity":5,"s:38:6:38:Infinity":6,"s:40:6:40:Infinity":7,"s:42:6:42:Infinity":8,"s:44:6:44:Infinity":9}}}
,"/Users/chenli/mem-x/src/memory/tasks.ts": {"path":"/Users/chenli/mem-x/src/memory/tasks.ts","statementMap":{"0":{"start":{"line":16,"column":8},"end":{"line":16,"column":null}},"1":{"start":{"line":17,"column":8},"end":{"line":17,"column":null}},"2":{"start":{"line":19,"column":2},"end":{"line":30,"column":null}},"3":{"start":{"line":32,"column":2},"end":{"line":32,"column":null}},"4":{"start":{"line":36,"column":8},"end":{"line":36,"column":null}},"5":{"start":{"line":37,"column":14},"end":{"line":37,"column":null}},"6":{"start":{"line":40,"column":2},"end":{"line":40,"column":null}},"7":{"start":{"line":40,"column":12},"end":{"line":40,"column":null}},"8":{"start":{"line":41,"column":2},"end":{"line":41,"column":null}},"9":{"start":{"line":48,"column":8},"end":{"line":48,"column":null}},"10":{"start":{"line":49,"column":12},"end":{"line":49,"column":null}},"11":{"start":{"line":50,"column":28},"end":{"line":50,"column":null}},"12":{"start":{"line":51,"column":2},"end":{"line":54,"column":null}},"13":{"start":{"line":52,"column":4},"end":{"line":52,"column":null}},"14":{"start":{"line":53,"column":4},"end":{"line":53,"column":null}},"15":{"start":{"line":55,"column":2},"end":{"line":55,"column":null}},"16":{"start":{"line":56,"column":2},"end":{"line":59,"column":null}},"17":{"start":{"line":57,"column":4},"end":{"line":57,"column":null}},"18":{"start":{"line":58,"column":4},"end":{"line":58,"column":null}},"19":{"start":{"line":60,"column":15},"end":{"line":60,"column":null}},"20":{"start":{"line":61,"column":2},"end":{"line":64,"column":null}},"21":{"start":{"line":61,"column":26},"end":{"line":64,"column":4}},"22":{"start":{"line":68,"column":8},"end":{"line":68,"column":null}},"23":{"start":{"line":69,"column":17},"end":{"line":73,"column":null}},"24":{"start":{"line":74,"column":2},"end":{"line":74,"column":null}}},"fnMap":{"0":{"name":"addTask","decl":{"start":{"line":15,"column":16},"end":{"line":15,"column":24}},"loc":{"start":{"line":15,"column":51},"end":{"line":33,"column":null}},"line":15},"1":{"name":"getTask","decl":{"start":{"line":35,"column":16},"end":{"line":35,"column":24}},"loc":{"start":{"line":35,"column":49},"end":{"line":42,"column":null}},"line":35},"2":{"name":"listTasks","decl":{"start":{"line":44,"column":16},"end":{"line":44,"column":26}},"loc":{"start":{"line":47,"column":11},"end":{"line":65,"column":null}},"line":47},"3":{"name":"(anonymous_3)","decl":{"start":{"line":61,"column":18},"end":{"line":61,"column":19}},"loc":{"start":{"line":61,"column":26},"end":{"line":64,"column":4}},"line":61},"4":{"name":"updateTaskStatus","decl":{"start":{"line":67,"column":16},"end":{"line":67,"column":33}},"loc":{"start":{"line":67,"column":78},"end":{"line":75,"column":null}},"line":67}},"branchMap":{"0":{"loc":{"start":{"line":25,"column":4},"end":{"line":25,"column":null}},"type":"binary-expr","locations":[{"start":{"line":25,"column":4},"end":{"line":25,"column":25}},{"start":{"line":25,"column":25},"end":{"line":25,"column":null}}],"line":25},"1":{"loc":{"start":{"line":26,"column":4},"end":{"line":26,"column":null}},"type":"binary-expr","locations":[{"start":{"line":26,"column":4},"end":{"line":26,"column":22}},{"start":{"line":26,"column":22},"end":{"line":26,"column":null}}],"line":26},"2":{"loc":{"start":{"line":27,"column":4},"end":{"line":27,"column":null}},"type":"binary-expr","locations":[{"start":{"line":27,"column":4},"end":{"line":27,"column":22}},{"start":{"line":27,"column":22},"end":{"line":27,"column":null}}],"line":27},"3":{"loc":{"start":{"line":28,"column":18},"end":{"line":28,"column":34}},"type":"binary-expr","locations":[{"start":{"line":28,"column":18},"end":{"line":28,"column":32}},{"start":{"line":28,"column":32},"end":{"line":28,"column":34}}],"line":28},"4":{"loc":{"start":{"line":29,"column":4},"end":{"line":29,"column":null}},"type":"binary-expr","locations":[{"start":{"line":29,"column":4},"end":{"line":29,"column":25}},{"start":{"line":29,"column":25},"end":{"line":29,"column":null}}],"line":29},"5":{"loc":{"start":{"line":40,"column":2},"end":{"line":40,"column":null}},"type":"if","locations":[{"start":{"line":40,"column":2},"end":{"line":40,"column":null}},{"start":{},"end":{}}],"line":40},"6":{"loc":{"start":{"line":51,"column":2},"end":{"line":54,"column":null}},"type":"if","locations":[{"start":{"line":51,"column":2},"end":{"line":54,"column":null}},{"start":{},"end":{}}],"line":51},"7":{"loc":{"start":{"line":56,"column":2},"end":{"line":59,"column":null}},"type":"if","locations":[{"start":{"line":56,"column":2},"end":{"line":59,"column":null}},{"start":{},"end":{}}],"line":56}},"s":{"0":26,"1":26,"2":26,"3":26,"4":29,"5":29,"6":29,"7":1,"8":28,"9":11,"10":11,"11":11,"12":11,"13":9,"14":9,"15":11,"16":11,"17":9,"18":9,"19":11,"20":11,"21":7,"22":4,"23":4,"24":4},"f":{"0":26,"1":29,"2":11,"3":7,"4":4},"b":{"0":[26,25],"1":[26,23],"2":[26,26],"3":[26,25],"4":[26,26],"5":[1,28],"6":[9,2],"7":[9,2]},"meta":{"lastBranch":8,"lastFunction":5,"lastStatement":25,"seen":{"f:15:16:15:24":0,"s:16:8:16:Infinity":0,"s:17:8:17:Infinity":1,"s:19:2:30:Infinity":2,"b:25:4:25:25:25:25:25:Infinity":0,"b:26:4:26:22:26:22:26:Infinity":1,"b:27:4:27:22:27:22:27:Infinity":2,"b:28:18:28:32:28:32:28:34":3,"b:29:4:29:25:29:25:29:Infinity":4,"s:32:2:32:Infinity":3,"f:35:16:35:24":1,"s:36:8:36:Infinity":4,"s:37:14:37:Infinity":5,"b:40:2:40:Infinity:undefined:undefined:undefined:undefined":5,"s:40:2:40:Infinity":6,"s:40:12:40:Infinity":7,"s:41:2:41:Infinity":8,"f:44:16:44:26":2,"s:48:8:48:Infinity":9,"s:49:12:49:Infinity":10,"s:50:28:50:Infinity":11,"b:51:2:54:Infinity:undefined:undefined:undefined:undefined":6,"s:51:2:54:Infinity":12,"s:52:4:52:Infinity":13,"s:53:4:53:Infinity":14,"s:55:2:55:Infinity":15,"b:56:2:59:Infinity:undefined:undefined:undefined:undefined":7,"s:56:2:59:Infinity":16,"s:57:4:57:Infinity":17,"s:58:4:58:Infinity":18,"s:60:15:60:Infinity":19,"s:61:2:64:Infinity":20,"f:61:18:61:19":3,"s:61:26:64:4":21,"f:67:16:67:33":4,"s:68:8:68:Infinity":22,"s:69:17:73:Infinity":23,"s:74:2:74:Infinity":24}}}
,"/Users/chenli/mem-x/src/memory/types.ts": {"path":"/Users/chenli/mem-x/src/memory/types.ts","statementMap":{"0":{"start":{"line":6,"column":44},"end":{"line":6,"column":null}},"1":{"start":{"line":8,"column":41},"end":{"line":8,"column":null}},"2":{"start":{"line":10,"column":21},"end":{"line":10,"column":null}}},"fnMap":{},"branchMap":{},"s":{"0":2,"1":2,"2":2},"f":{},"b":{},"meta":{"lastBranch":0,"lastFunction":0,"lastStatement":3,"seen":{"s:6:44:6:Infinity":0,"s:8:41:8:Infinity":1,"s:10:21:10:Infinity":2}}}
,"/Users/chenli/mem-x/src/utils/bucket.ts": {"path":"/Users/chenli/mem-x/src/utils/bucket.ts","statementMap":{"0":{"start":{"line":3,"column":14},"end":{"line":3,"column":null}},"1":{"start":{"line":6,"column":2},"end":{"line":6,"column":null}},"2":{"start":{"line":10,"column":2},"end":{"line":10,"column":null}},"3":{"start":{"line":14,"column":2},"end":{"line":14,"column":null}}},"fnMap":{"0":{"name":"setBucket","decl":{"start":{"line":5,"column":16},"end":{"line":5,"column":26}},"loc":{"start":{"line":5,"column":46},"end":{"line":7,"column":null}},"line":5},"1":{"name":"getBucket","decl":{"start":{"line":9,"column":16},"end":{"line":9,"column":36}},"loc":{"start":{"line":9,"column":36},"end":{"line":11,"column":null}},"line":9},"2":{"name":"getBucketDataDir","decl":{"start":{"line":13,"column":16},"end":{"line":13,"column":43}},"loc":{"start":{"line":13,"column":43},"end":{"line":15,"column":null}},"line":13}},"branchMap":{"0":{"loc":{"start":{"line":3,"column":14},"end":{"line":3,"column":null}},"type":"binary-expr","locations":[{"start":{"line":3,"column":14},"end":{"line":3,"column":42}},{"start":{"line":3,"column":42},"end":{"line":3,"column":null}}],"line":3}},"s":{"0":1,"1":6,"2":3,"3":1},"f":{"0":6,"1":3,"2":1},"b":{"0":[1,1]},"meta":{"lastBranch":1,"lastFunction":3,"lastStatement":4,"seen":{"s:3:14:3:Infinity":0,"b:3:14:3:42:3:42:3:Infinity":0,"f:5:16:5:26":0,"s:6:2:6:Infinity":1,"f:9:16:9:36":1,"s:10:2:10:Infinity":2,"f:13:16:13:43":2,"s:14:2:14:Infinity":3}}}
,"/Users/chenli/mem-x/src/utils/config.ts": {"path":"/Users/chenli/mem-x/src/utils/config.ts","statementMap":{"0":{"start":{"line":16,"column":35},"end":{"line":25,"column":null}},"1":{"start":{"line":28,"column":2},"end":{"line":28,"column":null}},"2":{"start":{"line":32,"column":21},"end":{"line":32,"column":null}},"3":{"start":{"line":33,"column":2},"end":{"line":33,"column":null}},"4":{"start":{"line":33,"column":31},"end":{"line":33,"column":null}},"5":{"start":{"line":35,"column":8},"end":{"line":35,"column":null}},"6":{"start":{"line":36,"column":2},"end":{"line":36,"column":null}},"7":{"start":{"line":40,"column":2},"end":{"line":40,"column":null}},"8":{"start":{"line":44,"column":17},"end":{"line":44,"column":null}},"9":{"start":{"line":45,"column":16},"end":{"line":45,"column":null}},"10":{"start":{"line":47,"column":17},"end":{"line":47,"column":null}},"11":{"start":{"line":48,"column":2},"end":{"line":51,"column":null}},"12":{"start":{"line":48,"column":15},"end":{"line":48,"column":18}},"13":{"start":{"line":49,"column":4},"end":{"line":49,"column":null}},"14":{"start":{"line":50,"column":4},"end":{"line":50,"column":null}},"15":{"start":{"line":50,"column":27},"end":{"line":50,"column":null}},"16":{"start":{"line":52,"column":2},"end":{"line":52,"column":null}},"17":{"start":{"line":53,"column":2},"end":{"line":53,"column":null}}},"fnMap":{"0":{"name":"getConfigPath","decl":{"start":{"line":27,"column":9},"end":{"line":27,"column":33}},"loc":{"start":{"line":27,"column":33},"end":{"line":29,"column":null}},"line":27},"1":{"name":"loadConfig","decl":{"start":{"line":31,"column":16},"end":{"line":31,"column":41}},"loc":{"start":{"line":31,"column":41},"end":{"line":37,"column":null}},"line":31},"2":{"name":"saveConfig","decl":{"start":{"line":39,"column":16},"end":{"line":39,"column":27}},"loc":{"start":{"line":39,"column":53},"end":{"line":41,"column":null}},"line":39},"3":{"name":"setConfigValue","decl":{"start":{"line":43,"column":16},"end":{"line":43,"column":31}},"loc":{"start":{"line":43,"column":65},"end":{"line":54,"column":null}},"line":43}},"branchMap":{"0":{"loc":{"start":{"line":33,"column":2},"end":{"line":33,"column":null}},"type":"if","locations":[{"start":{"line":33,"column":2},"end":{"line":33,"column":null}},{"start":{},"end":{}}],"line":33},"1":{"loc":{"start":{"line":50,"column":4},"end":{"line":50,"column":null}},"type":"if","locations":[{"start":{"line":50,"column":4},"end":{"line":50,"column":null}},{"start":{},"end":{}}],"line":50}},"s":{"0":1,"1":8,"2":6,"3":6,"4":4,"5":2,"6":2,"7":2,"8":2,"9":2,"10":2,"11":2,"12":2,"13":2,"14":2,"15":1,"16":1,"17":1},"f":{"0":8,"1":6,"2":2,"3":2},"b":{"0":[4,2],"1":[1,1]},"meta":{"lastBranch":2,"lastFunction":4,"lastStatement":18,"seen":{"s:16:35:25:Infinity":0,"f:27:9:27:33":0,"s:28:2:28:Infinity":1,"f:31:16:31:41":1,"s:32:21:32:Infinity":2,"b:33:2:33:Infinity:undefined:undefined:undefined:undefined":0,"s:33:2:33:Infinity":3,"s:33:31:33:Infinity":4,"s:35:8:35:Infinity":5,"s:36:2:36:Infinity":6,"f:39:16:39:27":2,"s:40:2:40:Infinity":7,"f:43:16:43:31":3,"s:44:17:44:Infinity":8,"s:45:16:45:Infinity":9,"s:47:17:47:Infinity":10,"s:48:2:51:Infinity":11,"s:48:15:48:18":12,"s:49:4:49:Infinity":13,"b:50:4:50:Infinity:undefined:undefined:undefined:undefined":1,"s:50:4:50:Infinity":14,"s:50:27:50:Infinity":15,"s:52:2:52:Infinity":16,"s:53:2:53:Infinity":17}}}
,"/Users/chenli/mem-x/src/utils/id.ts": {"path":"/Users/chenli/mem-x/src/utils/id.ts","statementMap":{"0":{"start":{"line":2,"column":2},"end":{"line":2,"column":null}}},"fnMap":{"0":{"name":"generateId","decl":{"start":{"line":1,"column":16},"end":{"line":1,"column":37}},"loc":{"start":{"line":1,"column":37},"end":{"line":3,"column":null}},"line":1}},"branchMap":{},"s":{"0":278},"f":{"0":278},"b":{},"meta":{"lastBranch":0,"lastFunction":1,"lastStatement":1,"seen":{"f:1:16:1:37":0,"s:2:2:2:Infinity":0}}}
}
